--------------------------------------------------------------------------------
Release 14.6 Trace  (nt)
Copyright (c) 1995-2013 Xilinx, Inc.  All rights reserved.

C:\Xilinx\14.6\ISE_DS\ISE\bin\nt\unwrapped\trce.exe -intstyle ise -v 3 -s 3 -n
3 -fastpaths -xml cpu_instructor_copy.twx cpu_instructor_copy.ncd -o
cpu_instructor_copy.twr cpu_instructor_copy.pcf -ucf nexys3.ucf

Design file:              cpu_instructor_copy.ncd
Physical constraint file: cpu_instructor_copy.pcf
Device,package,speed:     xc6slx16,csg324,C,-3 (PRODUCTION 1.23 2013-06-08)
Report level:             verbose report

Environment Variable      Effect 
--------------------      ------ 
NONE                      No environment variables were set
--------------------------------------------------------------------------------

INFO:Timing:3412 - To improve timing, see the Timing Closure User Guide (UG612).
INFO:Timing:2752 - To get complete path coverage, use the unconstrained paths 
   option. All paths that are not constrained will be reported in the 
   unconstrained paths section(s) of the report.
INFO:Timing:3339 - The clock-to-out numbers in this timing report are based on 
   a 50 Ohm transmission line loading model.  For the details of this model, 
   and for more information on accounting for different loading conditions, 
   please see the device datasheet.

================================================================================
Timing constraint: TS_sys_clk_pin = PERIOD TIMEGRP "sys_clk_pin" 100 MHz HIGH 
50%;
For more information, see Period Analysis in the Timing Closure User Guide (UG612).

 253 paths analyzed, 70 endpoints analyzed, 0 failing endpoints
 0 timing errors detected. (0 setup errors, 0 hold errors, 0 component switching limit errors)
 Minimum period is   2.714ns.
--------------------------------------------------------------------------------

Paths for end point cpu_clock (SLICE_X17Y36.CE), 21 paths
--------------------------------------------------------------------------------
Slack (setup path):     7.286ns (requirement - (data path - clock path skew + uncertainty))
  Source:               clock_divider.counter_4 (FF)
  Destination:          cpu_clock (FF)
  Requirement:          10.000ns
  Data Path Delay:      2.667ns (Levels of Logic = 2)
  Clock Path Skew:      -0.012ns (0.150 - 0.162)
  Source Clock:         clk_BUFGP rising at 0.000ns
  Destination Clock:    clk_BUFGP rising at 10.000ns
  Clock Uncertainty:    0.035ns

  Clock Uncertainty:          0.035ns  ((TSJ^2 + TIJ^2)^1/2 + DJ) / 2 + PE
    Total System Jitter (TSJ):  0.070ns
    Total Input Jitter (TIJ):   0.000ns
    Discrete Jitter (DJ):       0.000ns
    Phase Error (PE):           0.000ns

  Maximum Data Path at Slow Process Corner: clock_divider.counter_4 to cpu_clock
    Location             Delay type         Delay(ns)  Physical Resource
                                                       Logical Resource(s)
    -------------------------------------------------  -------------------
    SLICE_X16Y34.AQ      Tcko                  0.408   clock_divider.counter<7>
                                                       clock_divider.counter_4
    SLICE_X17Y36.D1      net (fanout=2)        0.825   clock_divider.counter<4>
    SLICE_X17Y36.D       Tilo                  0.259   cpu_clock
                                                       GND_6_o_clock_divider.counter[20]_equal_186_o<20>1
    SLICE_X17Y36.A3      net (fanout=1)        0.291   GND_6_o_clock_divider.counter[20]_equal_186_o<20>
    SLICE_X17Y36.A       Tilo                  0.259   cpu_clock
                                                       GND_6_o_clock_divider.counter[20]_equal_186_o<20>4
    SLICE_X17Y36.CE      net (fanout=1)        0.285   GND_6_o_clock_divider.counter[20]_equal_186_o
    SLICE_X17Y36.CLK     Tceck                 0.340   cpu_clock
                                                       cpu_clock
    -------------------------------------------------  ---------------------------
    Total                                      2.667ns (1.266ns logic, 1.401ns route)
                                                       (47.5% logic, 52.5% route)

--------------------------------------------------------------------------------
Slack (setup path):     7.333ns (requirement - (data path - clock path skew + uncertainty))
  Source:               clock_divider.counter_9 (FF)
  Destination:          cpu_clock (FF)
  Requirement:          10.000ns
  Data Path Delay:      2.621ns (Levels of Logic = 2)
  Clock Path Skew:      -0.011ns (0.150 - 0.161)
  Source Clock:         clk_BUFGP rising at 0.000ns
  Destination Clock:    clk_BUFGP rising at 10.000ns
  Clock Uncertainty:    0.035ns

  Clock Uncertainty:          0.035ns  ((TSJ^2 + TIJ^2)^1/2 + DJ) / 2 + PE
    Total System Jitter (TSJ):  0.070ns
    Total Input Jitter (TIJ):   0.000ns
    Discrete Jitter (DJ):       0.000ns
    Phase Error (PE):           0.000ns

  Maximum Data Path at Slow Process Corner: clock_divider.counter_9 to cpu_clock
    Location             Delay type         Delay(ns)  Physical Resource
                                                       Logical Resource(s)
    -------------------------------------------------  -------------------
    SLICE_X16Y35.BQ      Tcko                  0.408   clock_divider.counter<11>
                                                       clock_divider.counter_9
    SLICE_X17Y35.D1      net (fanout=2)        0.636   clock_divider.counter<9>
    SLICE_X17Y35.D       Tilo                  0.259   GND_6_o_clock_divider.counter[20]_equal_186_o<20>1
                                                       GND_6_o_clock_divider.counter[20]_equal_186_o<20>2
    SLICE_X17Y36.A4      net (fanout=1)        0.434   GND_6_o_clock_divider.counter[20]_equal_186_o<20>1
    SLICE_X17Y36.A       Tilo                  0.259   cpu_clock
                                                       GND_6_o_clock_divider.counter[20]_equal_186_o<20>4
    SLICE_X17Y36.CE      net (fanout=1)        0.285   GND_6_o_clock_divider.counter[20]_equal_186_o
    SLICE_X17Y36.CLK     Tceck                 0.340   cpu_clock
                                                       cpu_clock
    -------------------------------------------------  ---------------------------
    Total                                      2.621ns (1.266ns logic, 1.355ns route)
                                                       (48.3% logic, 51.7% route)

--------------------------------------------------------------------------------
Slack (setup path):     7.375ns (requirement - (data path - clock path skew + uncertainty))
  Source:               clock_divider.counter_11 (FF)
  Destination:          cpu_clock (FF)
  Requirement:          10.000ns
  Data Path Delay:      2.579ns (Levels of Logic = 2)
  Clock Path Skew:      -0.011ns (0.150 - 0.161)
  Source Clock:         clk_BUFGP rising at 0.000ns
  Destination Clock:    clk_BUFGP rising at 10.000ns
  Clock Uncertainty:    0.035ns

  Clock Uncertainty:          0.035ns  ((TSJ^2 + TIJ^2)^1/2 + DJ) / 2 + PE
    Total System Jitter (TSJ):  0.070ns
    Total Input Jitter (TIJ):   0.000ns
    Discrete Jitter (DJ):       0.000ns
    Phase Error (PE):           0.000ns

  Maximum Data Path at Slow Process Corner: clock_divider.counter_11 to cpu_clock
    Location             Delay type         Delay(ns)  Physical Resource
                                                       Logical Resource(s)
    -------------------------------------------------  -------------------
    SLICE_X16Y35.DQ      Tcko                  0.408   clock_divider.counter<11>
                                                       clock_divider.counter_11
    SLICE_X17Y35.D2      net (fanout=2)        0.594   clock_divider.counter<11>
    SLICE_X17Y35.D       Tilo                  0.259   GND_6_o_clock_divider.counter[20]_equal_186_o<20>1
                                                       GND_6_o_clock_divider.counter[20]_equal_186_o<20>2
    SLICE_X17Y36.A4      net (fanout=1)        0.434   GND_6_o_clock_divider.counter[20]_equal_186_o<20>1
    SLICE_X17Y36.A       Tilo                  0.259   cpu_clock
                                                       GND_6_o_clock_divider.counter[20]_equal_186_o<20>4
    SLICE_X17Y36.CE      net (fanout=1)        0.285   GND_6_o_clock_divider.counter[20]_equal_186_o
    SLICE_X17Y36.CLK     Tceck                 0.340   cpu_clock
                                                       cpu_clock
    -------------------------------------------------  ---------------------------
    Total                                      2.579ns (1.266ns logic, 1.313ns route)
                                                       (49.1% logic, 50.9% route)

--------------------------------------------------------------------------------

Paths for end point clock_divider.counter_18 (SLICE_X16Y37.CIN), 16 paths
--------------------------------------------------------------------------------
Slack (setup path):     7.363ns (requirement - (data path - clock path skew + uncertainty))
  Source:               clock_divider.counter_12 (FF)
  Destination:          clock_divider.counter_18 (FF)
  Requirement:          10.000ns
  Data Path Delay:      2.590ns (Levels of Logic = 2)
  Clock Path Skew:      -0.012ns (0.147 - 0.159)
  Source Clock:         clk_BUFGP rising at 0.000ns
  Destination Clock:    clk_BUFGP rising at 10.000ns
  Clock Uncertainty:    0.035ns

  Clock Uncertainty:          0.035ns  ((TSJ^2 + TIJ^2)^1/2 + DJ) / 2 + PE
    Total System Jitter (TSJ):  0.070ns
    Total Input Jitter (TIJ):   0.000ns
    Discrete Jitter (DJ):       0.000ns
    Phase Error (PE):           0.000ns

  Maximum Data Path at Slow Process Corner: clock_divider.counter_12 to clock_divider.counter_18
    Location             Delay type         Delay(ns)  Physical Resource
                                                       Logical Resource(s)
    -------------------------------------------------  -------------------
    SLICE_X16Y36.AQ      Tcko                  0.408   clock_divider.counter<15>
                                                       clock_divider.counter_12
    SLICE_X16Y36.A2      net (fanout=2)        1.443   clock_divider.counter<12>
    SLICE_X16Y36.COUT    Topcya                0.395   clock_divider.counter<15>
                                                       clock_divider.counter<12>_rt
                                                       Mcount_clock_divider.counter_cy<15>
    SLICE_X16Y37.CIN     net (fanout=1)        0.003   Mcount_clock_divider.counter_cy<15>
    SLICE_X16Y37.CLK     Tcinck                0.341   clock_divider.counter<19>
                                                       Mcount_clock_divider.counter_cy<19>
                                                       clock_divider.counter_18
    -------------------------------------------------  ---------------------------
    Total                                      2.590ns (1.144ns logic, 1.446ns route)
                                                       (44.2% logic, 55.8% route)

--------------------------------------------------------------------------------
Slack (setup path):     8.219ns (requirement - (data path - clock path skew + uncertainty))
  Source:               clock_divider.counter_0 (FF)
  Destination:          clock_divider.counter_18 (FF)
  Requirement:          10.000ns
  Data Path Delay:      1.730ns (Levels of Logic = 5)
  Clock Path Skew:      -0.016ns (0.147 - 0.163)
  Source Clock:         clk_BUFGP rising at 0.000ns
  Destination Clock:    clk_BUFGP rising at 10.000ns
  Clock Uncertainty:    0.035ns

  Clock Uncertainty:          0.035ns  ((TSJ^2 + TIJ^2)^1/2 + DJ) / 2 + PE
    Total System Jitter (TSJ):  0.070ns
    Total Input Jitter (TIJ):   0.000ns
    Discrete Jitter (DJ):       0.000ns
    Phase Error (PE):           0.000ns

  Maximum Data Path at Slow Process Corner: clock_divider.counter_0 to clock_divider.counter_18
    Location             Delay type         Delay(ns)  Physical Resource
                                                       Logical Resource(s)
    -------------------------------------------------  -------------------
    SLICE_X16Y33.AQ      Tcko                  0.408   clock_divider.counter<3>
                                                       clock_divider.counter_0
    SLICE_X16Y33.A5      net (fanout=2)        0.346   clock_divider.counter<0>
    SLICE_X16Y33.COUT    Topcya                0.395   clock_divider.counter<3>
                                                       Mcount_clock_divider.counter_lut<0>_INV_0
                                                       Mcount_clock_divider.counter_cy<3>
    SLICE_X16Y34.CIN     net (fanout=1)        0.003   Mcount_clock_divider.counter_cy<3>
    SLICE_X16Y34.COUT    Tbyp                  0.076   clock_divider.counter<7>
                                                       Mcount_clock_divider.counter_cy<7>
    SLICE_X16Y35.CIN     net (fanout=1)        0.003   Mcount_clock_divider.counter_cy<7>
    SLICE_X16Y35.COUT    Tbyp                  0.076   clock_divider.counter<11>
                                                       Mcount_clock_divider.counter_cy<11>
    SLICE_X16Y36.CIN     net (fanout=1)        0.003   Mcount_clock_divider.counter_cy<11>
    SLICE_X16Y36.COUT    Tbyp                  0.076   clock_divider.counter<15>
                                                       Mcount_clock_divider.counter_cy<15>
    SLICE_X16Y37.CIN     net (fanout=1)        0.003   Mcount_clock_divider.counter_cy<15>
    SLICE_X16Y37.CLK     Tcinck                0.341   clock_divider.counter<19>
                                                       Mcount_clock_divider.counter_cy<19>
                                                       clock_divider.counter_18
    -------------------------------------------------  ---------------------------
    Total                                      1.730ns (1.372ns logic, 0.358ns route)
                                                       (79.3% logic, 20.7% route)

--------------------------------------------------------------------------------
Slack (setup path):     8.299ns (requirement - (data path - clock path skew + uncertainty))
  Source:               clock_divider.counter_4 (FF)
  Destination:          clock_divider.counter_18 (FF)
  Requirement:          10.000ns
  Data Path Delay:      1.651ns (Levels of Logic = 4)
  Clock Path Skew:      -0.015ns (0.147 - 0.162)
  Source Clock:         clk_BUFGP rising at 0.000ns
  Destination Clock:    clk_BUFGP rising at 10.000ns
  Clock Uncertainty:    0.035ns

  Clock Uncertainty:          0.035ns  ((TSJ^2 + TIJ^2)^1/2 + DJ) / 2 + PE
    Total System Jitter (TSJ):  0.070ns
    Total Input Jitter (TIJ):   0.000ns
    Discrete Jitter (DJ):       0.000ns
    Phase Error (PE):           0.000ns

  Maximum Data Path at Slow Process Corner: clock_divider.counter_4 to clock_divider.counter_18
    Location             Delay type         Delay(ns)  Physical Resource
                                                       Logical Resource(s)
    -------------------------------------------------  -------------------
    SLICE_X16Y34.AQ      Tcko                  0.408   clock_divider.counter<7>
                                                       clock_divider.counter_4
    SLICE_X16Y34.A5      net (fanout=2)        0.346   clock_divider.counter<4>
    SLICE_X16Y34.COUT    Topcya                0.395   clock_divider.counter<7>
                                                       clock_divider.counter<4>_rt
                                                       Mcount_clock_divider.counter_cy<7>
    SLICE_X16Y35.CIN     net (fanout=1)        0.003   Mcount_clock_divider.counter_cy<7>
    SLICE_X16Y35.COUT    Tbyp                  0.076   clock_divider.counter<11>
                                                       Mcount_clock_divider.counter_cy<11>
    SLICE_X16Y36.CIN     net (fanout=1)        0.003   Mcount_clock_divider.counter_cy<11>
    SLICE_X16Y36.COUT    Tbyp                  0.076   clock_divider.counter<15>
                                                       Mcount_clock_divider.counter_cy<15>
    SLICE_X16Y37.CIN     net (fanout=1)        0.003   Mcount_clock_divider.counter_cy<15>
    SLICE_X16Y37.CLK     Tcinck                0.341   clock_divider.counter<19>
                                                       Mcount_clock_divider.counter_cy<19>
                                                       clock_divider.counter_18
    -------------------------------------------------  ---------------------------
    Total                                      1.651ns (1.296ns logic, 0.355ns route)
                                                       (78.5% logic, 21.5% route)

--------------------------------------------------------------------------------

Paths for end point clock_divider.counter_19 (SLICE_X16Y37.CIN), 16 paths
--------------------------------------------------------------------------------
Slack (setup path):     7.363ns (requirement - (data path - clock path skew + uncertainty))
  Source:               clock_divider.counter_12 (FF)
  Destination:          clock_divider.counter_19 (FF)
  Requirement:          10.000ns
  Data Path Delay:      2.590ns (Levels of Logic = 2)
  Clock Path Skew:      -0.012ns (0.147 - 0.159)
  Source Clock:         clk_BUFGP rising at 0.000ns
  Destination Clock:    clk_BUFGP rising at 10.000ns
  Clock Uncertainty:    0.035ns

  Clock Uncertainty:          0.035ns  ((TSJ^2 + TIJ^2)^1/2 + DJ) / 2 + PE
    Total System Jitter (TSJ):  0.070ns
    Total Input Jitter (TIJ):   0.000ns
    Discrete Jitter (DJ):       0.000ns
    Phase Error (PE):           0.000ns

  Maximum Data Path at Slow Process Corner: clock_divider.counter_12 to clock_divider.counter_19
    Location             Delay type         Delay(ns)  Physical Resource
                                                       Logical Resource(s)
    -------------------------------------------------  -------------------
    SLICE_X16Y36.AQ      Tcko                  0.408   clock_divider.counter<15>
                                                       clock_divider.counter_12
    SLICE_X16Y36.A2      net (fanout=2)        1.443   clock_divider.counter<12>
    SLICE_X16Y36.COUT    Topcya                0.395   clock_divider.counter<15>
                                                       clock_divider.counter<12>_rt
                                                       Mcount_clock_divider.counter_cy<15>
    SLICE_X16Y37.CIN     net (fanout=1)        0.003   Mcount_clock_divider.counter_cy<15>
    SLICE_X16Y37.CLK     Tcinck                0.341   clock_divider.counter<19>
                                                       Mcount_clock_divider.counter_cy<19>
                                                       clock_divider.counter_19
    -------------------------------------------------  ---------------------------
    Total                                      2.590ns (1.144ns logic, 1.446ns route)
                                                       (44.2% logic, 55.8% route)

--------------------------------------------------------------------------------
Slack (setup path):     8.219ns (requirement - (data path - clock path skew + uncertainty))
  Source:               clock_divider.counter_0 (FF)
  Destination:          clock_divider.counter_19 (FF)
  Requirement:          10.000ns
  Data Path Delay:      1.730ns (Levels of Logic = 5)
  Clock Path Skew:      -0.016ns (0.147 - 0.163)
  Source Clock:         clk_BUFGP rising at 0.000ns
  Destination Clock:    clk_BUFGP rising at 10.000ns
  Clock Uncertainty:    0.035ns

  Clock Uncertainty:          0.035ns  ((TSJ^2 + TIJ^2)^1/2 + DJ) / 2 + PE
    Total System Jitter (TSJ):  0.070ns
    Total Input Jitter (TIJ):   0.000ns
    Discrete Jitter (DJ):       0.000ns
    Phase Error (PE):           0.000ns

  Maximum Data Path at Slow Process Corner: clock_divider.counter_0 to clock_divider.counter_19
    Location             Delay type         Delay(ns)  Physical Resource
                                                       Logical Resource(s)
    -------------------------------------------------  -------------------
    SLICE_X16Y33.AQ      Tcko                  0.408   clock_divider.counter<3>
                                                       clock_divider.counter_0
    SLICE_X16Y33.A5      net (fanout=2)        0.346   clock_divider.counter<0>
    SLICE_X16Y33.COUT    Topcya                0.395   clock_divider.counter<3>
                                                       Mcount_clock_divider.counter_lut<0>_INV_0
                                                       Mcount_clock_divider.counter_cy<3>
    SLICE_X16Y34.CIN     net (fanout=1)        0.003   Mcount_clock_divider.counter_cy<3>
    SLICE_X16Y34.COUT    Tbyp                  0.076   clock_divider.counter<7>
                                                       Mcount_clock_divider.counter_cy<7>
    SLICE_X16Y35.CIN     net (fanout=1)        0.003   Mcount_clock_divider.counter_cy<7>
    SLICE_X16Y35.COUT    Tbyp                  0.076   clock_divider.counter<11>
                                                       Mcount_clock_divider.counter_cy<11>
    SLICE_X16Y36.CIN     net (fanout=1)        0.003   Mcount_clock_divider.counter_cy<11>
    SLICE_X16Y36.COUT    Tbyp                  0.076   clock_divider.counter<15>
                                                       Mcount_clock_divider.counter_cy<15>
    SLICE_X16Y37.CIN     net (fanout=1)        0.003   Mcount_clock_divider.counter_cy<15>
    SLICE_X16Y37.CLK     Tcinck                0.341   clock_divider.counter<19>
                                                       Mcount_clock_divider.counter_cy<19>
                                                       clock_divider.counter_19
    -------------------------------------------------  ---------------------------
    Total                                      1.730ns (1.372ns logic, 0.358ns route)
                                                       (79.3% logic, 20.7% route)

--------------------------------------------------------------------------------
Slack (setup path):     8.299ns (requirement - (data path - clock path skew + uncertainty))
  Source:               clock_divider.counter_4 (FF)
  Destination:          clock_divider.counter_19 (FF)
  Requirement:          10.000ns
  Data Path Delay:      1.651ns (Levels of Logic = 4)
  Clock Path Skew:      -0.015ns (0.147 - 0.162)
  Source Clock:         clk_BUFGP rising at 0.000ns
  Destination Clock:    clk_BUFGP rising at 10.000ns
  Clock Uncertainty:    0.035ns

  Clock Uncertainty:          0.035ns  ((TSJ^2 + TIJ^2)^1/2 + DJ) / 2 + PE
    Total System Jitter (TSJ):  0.070ns
    Total Input Jitter (TIJ):   0.000ns
    Discrete Jitter (DJ):       0.000ns
    Phase Error (PE):           0.000ns

  Maximum Data Path at Slow Process Corner: clock_divider.counter_4 to clock_divider.counter_19
    Location             Delay type         Delay(ns)  Physical Resource
                                                       Logical Resource(s)
    -------------------------------------------------  -------------------
    SLICE_X16Y34.AQ      Tcko                  0.408   clock_divider.counter<7>
                                                       clock_divider.counter_4
    SLICE_X16Y34.A5      net (fanout=2)        0.346   clock_divider.counter<4>
    SLICE_X16Y34.COUT    Topcya                0.395   clock_divider.counter<7>
                                                       clock_divider.counter<4>_rt
                                                       Mcount_clock_divider.counter_cy<7>
    SLICE_X16Y35.CIN     net (fanout=1)        0.003   Mcount_clock_divider.counter_cy<7>
    SLICE_X16Y35.COUT    Tbyp                  0.076   clock_divider.counter<11>
                                                       Mcount_clock_divider.counter_cy<11>
    SLICE_X16Y36.CIN     net (fanout=1)        0.003   Mcount_clock_divider.counter_cy<11>
    SLICE_X16Y36.COUT    Tbyp                  0.076   clock_divider.counter<15>
                                                       Mcount_clock_divider.counter_cy<15>
    SLICE_X16Y37.CIN     net (fanout=1)        0.003   Mcount_clock_divider.counter_cy<15>
    SLICE_X16Y37.CLK     Tcinck                0.341   clock_divider.counter<19>
                                                       Mcount_clock_divider.counter_cy<19>
                                                       clock_divider.counter_19
    -------------------------------------------------  ---------------------------
    Total                                      1.651ns (1.296ns logic, 0.355ns route)
                                                       (78.5% logic, 21.5% route)

--------------------------------------------------------------------------------

Hold Paths: TS_sys_clk_pin = PERIOD TIMEGRP "sys_clk_pin" 100 MHz HIGH 50%;
--------------------------------------------------------------------------------

Paths for end point clock_divider.counter_20 (SLICE_X16Y38.A6), 1 path
--------------------------------------------------------------------------------
Slack (hold path):      0.464ns (requirement - (clock path skew + uncertainty - data path))
  Source:               clock_divider.counter_20 (FF)
  Destination:          clock_divider.counter_20 (FF)
  Requirement:          0.000ns
  Data Path Delay:      0.464ns (Levels of Logic = 1)
  Clock Path Skew:      0.000ns
  Source Clock:         clk_BUFGP rising at 10.000ns
  Destination Clock:    clk_BUFGP rising at 10.000ns
  Clock Uncertainty:    0.000ns

  Minimum Data Path at Fast Process Corner: clock_divider.counter_20 to clock_divider.counter_20
    Location             Delay type         Delay(ns)  Physical Resource
                                                       Logical Resource(s)
    -------------------------------------------------  -------------------
    SLICE_X16Y38.AQ      Tcko                  0.200   clock_divider.counter<20>
                                                       clock_divider.counter_20
    SLICE_X16Y38.A6      net (fanout=2)        0.026   clock_divider.counter<20>
    SLICE_X16Y38.CLK     Tah         (-Th)    -0.238   clock_divider.counter<20>
                                                       clock_divider.counter<20>_rt
                                                       Mcount_clock_divider.counter_xor<20>
                                                       clock_divider.counter_20
    -------------------------------------------------  ---------------------------
    Total                                      0.464ns (0.438ns logic, 0.026ns route)
                                                       (94.4% logic, 5.6% route)

--------------------------------------------------------------------------------

Paths for end point cpu_clock (SLICE_X17Y36.C5), 1 path
--------------------------------------------------------------------------------
Slack (hold path):      0.473ns (requirement - (clock path skew + uncertainty - data path))
  Source:               cpu_clock (FF)
  Destination:          cpu_clock (FF)
  Requirement:          0.000ns
  Data Path Delay:      0.473ns (Levels of Logic = 1)
  Clock Path Skew:      0.000ns
  Source Clock:         clk_BUFGP rising at 10.000ns
  Destination Clock:    clk_BUFGP rising at 10.000ns
  Clock Uncertainty:    0.000ns

  Minimum Data Path at Fast Process Corner: cpu_clock to cpu_clock
    Location             Delay type         Delay(ns)  Physical Resource
                                                       Logical Resource(s)
    -------------------------------------------------  -------------------
    SLICE_X17Y36.CQ      Tcko                  0.198   cpu_clock
                                                       cpu_clock
    SLICE_X17Y36.C5      net (fanout=2)        0.060   cpu_clock
    SLICE_X17Y36.CLK     Tah         (-Th)    -0.215   cpu_clock
                                                       cpu_clock_INV_39_o1_INV_0
                                                       cpu_clock
    -------------------------------------------------  ---------------------------
    Total                                      0.473ns (0.413ns logic, 0.060ns route)
                                                       (87.3% logic, 12.7% route)

--------------------------------------------------------------------------------

Paths for end point clock_divider.counter_13 (SLICE_X16Y36.B5), 1 path
--------------------------------------------------------------------------------
Slack (hold path):      0.509ns (requirement - (clock path skew + uncertainty - data path))
  Source:               clock_divider.counter_13 (FF)
  Destination:          clock_divider.counter_13 (FF)
  Requirement:          0.000ns
  Data Path Delay:      0.509ns (Levels of Logic = 1)
  Clock Path Skew:      0.000ns
  Source Clock:         clk_BUFGP rising at 10.000ns
  Destination Clock:    clk_BUFGP rising at 10.000ns
  Clock Uncertainty:    0.000ns

  Minimum Data Path at Fast Process Corner: clock_divider.counter_13 to clock_divider.counter_13
    Location             Delay type         Delay(ns)  Physical Resource
                                                       Logical Resource(s)
    -------------------------------------------------  -------------------
    SLICE_X16Y36.BQ      Tcko                  0.200   clock_divider.counter<15>
                                                       clock_divider.counter_13
    SLICE_X16Y36.B5      net (fanout=2)        0.075   clock_divider.counter<13>
    SLICE_X16Y36.CLK     Tah         (-Th)    -0.234   clock_divider.counter<15>
                                                       clock_divider.counter<13>_rt
                                                       Mcount_clock_divider.counter_cy<15>
                                                       clock_divider.counter_13
    -------------------------------------------------  ---------------------------
    Total                                      0.509ns (0.434ns logic, 0.075ns route)
                                                       (85.3% logic, 14.7% route)

--------------------------------------------------------------------------------

Component Switching Limit Checks: TS_sys_clk_pin = PERIOD TIMEGRP "sys_clk_pin" 100 MHz HIGH 50%;
--------------------------------------------------------------------------------
Slack: 8.270ns (period - min period limit)
  Period: 10.000ns
  Min period limit: 1.730ns (578.035MHz) (Tbcper_I)
  Physical resource: clk_BUFGP/BUFG/I0
  Logical resource: clk_BUFGP/BUFG/I0
  Location pin: BUFGMUX_X3Y13.I0
  Clock network: clk_BUFGP/IBUFG
--------------------------------------------------------------------------------
Slack: 9.570ns (period - min period limit)
  Period: 10.000ns
  Min period limit: 0.430ns (2325.581MHz) (Tcp)
  Physical resource: clock_divider.counter<3>/CLK
  Logical resource: clock_divider.counter_0/CK
  Location pin: SLICE_X16Y33.CLK
  Clock network: clk_BUFGP
--------------------------------------------------------------------------------
Slack: 9.570ns (period - (min high pulse limit / (high pulse / period)))
  Period: 10.000ns
  High pulse: 5.000ns
  High pulse limit: 0.215ns (Trpw)
  Physical resource: clock_divider.counter<3>/SR
  Logical resource: clock_divider.counter_0/SR
  Location pin: SLICE_X16Y33.SR
  Clock network: rst_IBUF
--------------------------------------------------------------------------------


All constraints were met.


Data Sheet report:
-----------------
All values displayed in nanoseconds (ns)

Clock to Setup on destination clock clk
---------------+---------+---------+---------+---------+
               | Src:Rise| Src:Fall| Src:Rise| Src:Fall|
Source Clock   |Dest:Rise|Dest:Rise|Dest:Fall|Dest:Fall|
---------------+---------+---------+---------+---------+
clk            |    2.714|         |         |         |
---------------+---------+---------+---------+---------+


Timing summary:
---------------

Timing errors: 0  Score: 0  (Setup/Max: 0, Hold: 0)

Constraints cover 253 paths, 0 nets, and 60 connections

Design statistics:
   Minimum period:   2.714ns{1}   (Maximum frequency: 368.460MHz)


------------------------------------Footnotes-----------------------------------
1)  The minimum period statistic assumes all single cycle delays.

Analysis completed Mon Nov 04 01:44:16 2013 
--------------------------------------------------------------------------------

Trace Settings:
-------------------------
Trace Settings 

Peak Memory Usage: 171 MB



