Release 14.6 - xst P.68d (nt)
Copyright (c) 1995-2013 Xilinx, Inc.  All rights reserved.
--> Parameter TMPDIR set to xst/projnav.tmp


Total REAL time to Xst completion: 1.00 secs
Total CPU time to Xst completion: 0.14 secs
 
--> Parameter xsthdpdir set to xst


Total REAL time to Xst completion: 1.00 secs
Total CPU time to Xst completion: 0.14 secs
 
--> WARNING:Xst:1583 - You are using an internal switch '-use_new_parser'.
Reading design: cpu_instructor_copy.prj

TABLE OF CONTENTS
  1) Synthesis Options Summary
  2) HDL Parsing
  3) HDL Elaboration
  4) HDL Synthesis
       4.1) HDL Synthesis Report
  5) Advanced HDL Synthesis
       5.1) Advanced HDL Synthesis Report
  6) Low Level Synthesis
  7) Partition Report
  8) Design Summary
       8.1) Primitive and Black Box Usage
       8.2) Device utilization summary
       8.3) Partition Resource Summary
       8.4) Timing Report
            8.4.1) Clock Information
            8.4.2) Asynchronous Control Signals Information
            8.4.3) Timing Summary
            8.4.4) Timing Details
            8.4.5) Cross Clock Domains Report


=========================================================================
*                      Synthesis Options Summary                        *
=========================================================================
---- Source Parameters
Input File Name                    : "cpu_instructor_copy.prj"
Ignore Synthesis Constraint File   : NO

---- Target Parameters
Output File Name                   : "cpu_instructor_copy"
Output Format                      : NGC
Target Device                      : xc6slx16-3-csg324

---- Source Options
Use New Parser                     : yes
Top Module Name                    : cpu_instructor_copy
Automatic FSM Extraction           : YES
FSM Encoding Algorithm             : Auto
Safe Implementation                : No
FSM Style                          : LUT
RAM Extraction                     : Yes
RAM Style                          : Auto
ROM Extraction                     : Yes
Shift Register Extraction          : YES
ROM Style                          : Auto
Resource Sharing                   : YES
Asynchronous To Synchronous        : NO
Shift Register Minimum Size        : 2
Use DSP Block                      : Auto
Automatic Register Balancing       : No

---- Target Options
LUT Combining                      : Auto
Reduce Control Sets                : Auto
Add IO Buffers                     : YES
Global Maximum Fanout              : 100000
Add Generic Clock Buffer(BUFG)     : 16
Register Duplication               : YES
Optimize Instantiated Primitives   : NO
Use Clock Enable                   : Auto
Use Synchronous Set                : Auto
Use Synchronous Reset              : Auto
Pack IO Registers into IOBs        : Auto
Equivalent register Removal        : YES

---- General Options
Optimization Goal                  : Speed
Optimization Effort                : 1
Power Reduction                    : NO
Keep Hierarchy                     : No
Netlist Hierarchy                  : As_Optimized
RTL Output                         : Yes
Global Optimization                : AllClockNets
Read Cores                         : YES
Write Timing Constraints           : NO
Cross Clock Analysis               : NO
Hierarchy Separator                : /
Bus Delimiter                      : <>
Case Specifier                     : Maintain
Slice Utilization Ratio            : 100
BRAM Utilization Ratio             : 100
DSP48 Utilization Ratio            : 100
Auto BRAM Packing                  : NO
Slice Utilization Ratio Delta      : 5

---- Other Options
Cores Search Directories           : {"ipcore_dir"  }

=========================================================================


=========================================================================
*                          HDL Parsing                                  *
=========================================================================
Parsing VHDL file "C:\Users\main-local\Documents\GitHub\FPGA\ipcore_dir\memory.vhd" into library work
Parsing entity <memory>.
Parsing architecture <memory_a> of entity <memory>.
Parsing VHDL file "C:\Users\main-local\Documents\GitHub\FPGA\cpu_instructor_copy.vhd" into library work
Parsing entity <cpu_instructor_copy>.
Parsing architecture <Behavioral> of entity <cpu_instructor_copy>.

=========================================================================
*                            HDL Elaboration                            *
=========================================================================

Elaborating entity <cpu_instructor_copy> (architecture <Behavioral>) from library <work>.

Elaborating entity <memory> (architecture <memory_a>) from library <work>.

=========================================================================
*                           HDL Synthesis                               *
=========================================================================

Synthesizing Unit <cpu_instructor_copy>.
    Related source file is "C:\Users\main-local\Documents\GitHub\FPGA\cpu_instructor_copy.vhd".
    Found 23-bit register for signal <clock_divider.counter>.
    Found 32-bit register for signal <brain.pc>.
    Found 1-bit register for signal <cpu_clock>.
    Found 1-bit register for signal <mem_we>.
    Found 8-bit register for signal <register_a>.
    Found 8-bit register for signal <porta>.
    Found 8-bit register for signal <portb>.
    Found 8-bit register for signal <portc>.
    Found 8-bit register for signal <portd>.
    Found 16-bit register for signal <mem_addr>.
    Found 8-bit register for signal <mem_data_in>.
    Found 4-bit register for signal <brain.delay>.
    Found finite state machine <FSM_0> for signal <brain.delay>.
    -----------------------------------------------------------------------
    | States             | 2                                              |
    | Transitions        | 10                                             |
    | Inputs             | 4                                              |
    | Outputs            | 3                                              |
    | Clock              | cpu_clock (rising_edge)                        |
    | Power Up State     | 0000                                           |
    | Encoding           | auto                                           |
    | Implementation     | LUT                                            |
    -----------------------------------------------------------------------
    Found 17-bit subtractor for signal <GND_6_o_GND_6_o_sub_11_OUT> created at line 181.
    Found 32-bit adder for signal <n0185> created at line 186.
    Found 32-bit adder for signal <brain.pc[31]_GND_6_o_add_15_OUT> created at line 191.
    Found 8-bit adder for signal <brain.pc[31]_register_a[7]_add_28_OUT> created at line 213.
    Found 32-bit adder for signal <GND_6_o_GND_6_o_add_85_OUT> created at line 251.
    Found 23-bit adder for signal <clock_divider.counter[22]_GND_6_o_add_117_OUT> created at line 269.
    Found 8-bit subtractor for signal <GND_6_o_GND_6_o_sub_32_OUT<7:0>> created at line 216.
    Found 8-bit shifter logical left for signal <register_a[7]_brain.pc[31]_shift_left_34_OUT> created at line 219
    Found 8-bit shifter logical right for signal <register_a[7]_brain.pc[31]_shift_right_37_OUT> created at line 222
    Found 8x8-bit multiplier for signal <n0127> created at line 225.
    Found 8-bit shifter rotate left for signal <register_a[7]_brain.pc[31]_rotate_left_43_OUT> created at line 228
    Found 8-bit shifter rotate right for signal <register_a[7]_brain.pc[31]_rotate_right_46_OUT> created at line 231
    Found 32x8-bit Read Only RAM for signal <brain.pc[4]_X_6_o_wide_mux_5_OUT>
    Found 32x8-bit Read Only RAM for signal <n0187>
    Found 32x8-bit Read Only RAM for signal <brain.pc[31]_X_6_o_wide_mux_16_OUT>
    Found 32-bit comparator greater for signal <GND_6_o_brain.pc[31]_LessThan_5_o> created at line 167
    Summary:
	inferred   3 RAM(s).
	inferred   1 Multiplier(s).
	inferred   6 Adder/Subtractor(s).
	inferred 125 D-type flip-flop(s).
	inferred   1 Comparator(s).
	inferred  26 Multiplexer(s).
	inferred   4 Combinational logic shifter(s).
	inferred   1 Finite State Machine(s).
Unit <cpu_instructor_copy> synthesized.

=========================================================================
HDL Synthesis Report

Macro Statistics
# RAMs                                                 : 3
 32x8-bit single-port Read Only RAM                    : 3
# Multipliers                                          : 1
 8x8-bit multiplier                                    : 1
# Adders/Subtractors                                   : 6
 17-bit subtractor                                     : 1
 23-bit adder                                          : 1
 32-bit adder                                          : 3
 8-bit addsub                                          : 1
# Registers                                            : 12
 1-bit register                                        : 2
 16-bit register                                       : 1
 23-bit register                                       : 1
 32-bit register                                       : 1
 4-bit register                                        : 1
 8-bit register                                        : 6
# Comparators                                          : 1
 32-bit comparator greater                             : 1
# Multiplexers                                         : 26
 32-bit 2-to-1 multiplexer                             : 13
 4-bit 2-to-1 multiplexer                              : 1
 8-bit 2-to-1 multiplexer                              : 12
# Logic shifters                                       : 4
 8-bit shifter logical left                            : 1
 8-bit shifter logical right                           : 1
 8-bit shifter rotate left                             : 1
 8-bit shifter rotate right                            : 1
# FSMs                                                 : 1

=========================================================================
INFO:Xst:1767 - HDL ADVISOR - Resource sharing has identified that some arithmetic operations in this design can share the same physical resources for reduced device utilization. For improved clock frequency you may try to disable resource sharing.

=========================================================================
*                       Advanced HDL Synthesis                          *
=========================================================================

Reading core <ipcore_dir/memory.ngc>.
Loading core <memory> for timing and area information for instance <cpu_memory>.

Synthesizing (advanced) Unit <cpu_instructor_copy>.
The following registers are absorbed into counter <clock_divider.counter>: 1 register on signal <clock_divider.counter>.
INFO:Xst:3218 - HDL ADVISOR - The RAM <Mram_brain.pc[4]_X_6_o_wide_mux_5_OUT> will be implemented on LUTs either because you have described an asynchronous read or because of currently unsupported block RAM features. If you have described an asynchronous read, making it synchronous would allow you to take advantage of available block RAM resources, for optimized device usage and improved timings. Please refer to your documentation for coding guidelines.
    -----------------------------------------------------------------------
    | ram_type           | Distributed                         |          |
    -----------------------------------------------------------------------
    | Port A                                                              |
    |     aspect ratio   | 32-word x 8-bit                     |          |
    |     weA            | connected to signal <GND>           | high     |
    |     addrA          | connected to signal <brain.pc<4:0>> |          |
    |     diA            | connected to signal <GND>           |          |
    |     doA            | connected to internal node          |          |
    -----------------------------------------------------------------------
INFO:Xst:3218 - HDL ADVISOR - The RAM <Mram_n0187> will be implemented on LUTs either because you have described an asynchronous read or because of currently unsupported block RAM features. If you have described an asynchronous read, making it synchronous would allow you to take advantage of available block RAM resources, for optimized device usage and improved timings. Please refer to your documentation for coding guidelines.
    -----------------------------------------------------------------------
    | ram_type           | Distributed                         |          |
    -----------------------------------------------------------------------
    | Port A                                                              |
    |     aspect ratio   | 32-word x 8-bit                     |          |
    |     weA            | connected to signal <GND>           | high     |
    |     addrA          | connected to signal <n0185<4:0>>    |          |
    |     diA            | connected to signal <GND>           |          |
    |     doA            | connected to internal node          |          |
    -----------------------------------------------------------------------
INFO:Xst:3218 - HDL ADVISOR - The RAM <Mram_brain.pc[31]_X_6_o_wide_mux_16_OUT> will be implemented on LUTs either because you have described an asynchronous read or because of currently unsupported block RAM features. If you have described an asynchronous read, making it synchronous would allow you to take advantage of available block RAM resources, for optimized device usage and improved timings. Please refer to your documentation for coding guidelines.
    -----------------------------------------------------------------------
    | ram_type           | Distributed                         |          |
    -----------------------------------------------------------------------
    | Port A                                                              |
    |     aspect ratio   | 32-word x 8-bit                     |          |
    |     weA            | connected to signal <GND>           | high     |
    |     addrA          | connected to signal <brain.pc[31]_GND_6_o_add_15_OUT<4:0>> |          |
    |     diA            | connected to signal <GND>           |          |
    |     doA            | connected to internal node          |          |
    -----------------------------------------------------------------------
Unit <cpu_instructor_copy> synthesized (advanced).

=========================================================================
Advanced HDL Synthesis Report

Macro Statistics
# RAMs                                                 : 3
 32x8-bit single-port distributed Read Only RAM        : 3
# Multipliers                                          : 1
 8x8-bit multiplier                                    : 1
# Adders/Subtractors                                   : 5
 17-bit subtractor                                     : 1
 32-bit adder                                          : 3
 8-bit addsub                                          : 1
# Counters                                             : 1
 23-bit up counter                                     : 1
# Registers                                            : 102
 Flip-Flops                                            : 102
# Comparators                                          : 1
 32-bit comparator greater                             : 1
# Multiplexers                                         : 26
 32-bit 2-to-1 multiplexer                             : 13
 4-bit 2-to-1 multiplexer                              : 1
 8-bit 2-to-1 multiplexer                              : 12
# Logic shifters                                       : 4
 8-bit shifter logical left                            : 1
 8-bit shifter logical right                           : 1
 8-bit shifter rotate left                             : 1
 8-bit shifter rotate right                            : 1
# FSMs                                                 : 1

=========================================================================

=========================================================================
*                         Low Level Synthesis                           *
=========================================================================
Analyzing FSM <MFsm> for best encoding.
Optimizing FSM <FSM_0> on signal <brain.delay[1:1]> with sequential encoding.
-------------------
 State | Encoding
-------------------
 0000  | 0
 0001  | 1
-------------------
WARNING:Xst:1293 - FF/Latch <fsmfake0_1> has a constant value of 0 in block <cpu_instructor_copy>. This FF/Latch will be trimmed during the optimization process.
WARNING:Xst:1293 - FF/Latch <fsmfake0_2> has a constant value of 0 in block <cpu_instructor_copy>. This FF/Latch will be trimmed during the optimization process.
WARNING:Xst:1293 - FF/Latch <fsmfake0_3> has a constant value of 0 in block <cpu_instructor_copy>. This FF/Latch will be trimmed during the optimization process.
INFO:Xst:2261 - The FF/Latch <mem_addr_2> in Unit <cpu_instructor_copy> is equivalent to the following FF/Latch, which will be removed : <mem_addr_3> 
INFO:Xst:2261 - The FF/Latch <mem_addr_4> in Unit <cpu_instructor_copy> is equivalent to the following FF/Latch, which will be removed : <mem_addr_5> 
INFO:Xst:2261 - The FF/Latch <mem_addr_6> in Unit <cpu_instructor_copy> is equivalent to the following FF/Latch, which will be removed : <mem_addr_7> 
INFO:Xst:2261 - The FF/Latch <mem_addr_10> in Unit <cpu_instructor_copy> is equivalent to the following FF/Latch, which will be removed : <mem_addr_11> 
INFO:Xst:2261 - The FF/Latch <mem_addr_12> in Unit <cpu_instructor_copy> is equivalent to the following FF/Latch, which will be removed : <mem_addr_13> 
INFO:Xst:2261 - The FF/Latch <mem_addr_14> in Unit <cpu_instructor_copy> is equivalent to the following FF/Latch, which will be removed : <mem_addr_15> 

Optimizing unit <cpu_instructor_copy> ...
WARNING:Xst:2677 - Node <Mmult_n0127> of sequential type is unconnected in block <cpu_instructor_copy>.
WARNING:Xst:1710 - FF/Latch <portd_buf_7> (without init value) has a constant value of 0 in block <cpu_instructor_copy>. This FF/Latch will be trimmed during the optimization process.
WARNING:Xst:1710 - FF/Latch <portd_buf_6> (without init value) has a constant value of 0 in block <cpu_instructor_copy>. This FF/Latch will be trimmed during the optimization process.
WARNING:Xst:1710 - FF/Latch <portd_buf_5> (without init value) has a constant value of 0 in block <cpu_instructor_copy>. This FF/Latch will be trimmed during the optimization process.
WARNING:Xst:1710 - FF/Latch <portd_buf_4> (without init value) has a constant value of 0 in block <cpu_instructor_copy>. This FF/Latch will be trimmed during the optimization process.
WARNING:Xst:1710 - FF/Latch <portd_buf_3> (without init value) has a constant value of 0 in block <cpu_instructor_copy>. This FF/Latch will be trimmed during the optimization process.
WARNING:Xst:1710 - FF/Latch <portd_buf_2> (without init value) has a constant value of 0 in block <cpu_instructor_copy>. This FF/Latch will be trimmed during the optimization process.
WARNING:Xst:1710 - FF/Latch <portd_buf_1> (without init value) has a constant value of 0 in block <cpu_instructor_copy>. This FF/Latch will be trimmed during the optimization process.
WARNING:Xst:1710 - FF/Latch <portd_buf_0> (without init value) has a constant value of 0 in block <cpu_instructor_copy>. This FF/Latch will be trimmed during the optimization process.
WARNING:Xst:1710 - FF/Latch <portc_buf_7> (without init value) has a constant value of 0 in block <cpu_instructor_copy>. This FF/Latch will be trimmed during the optimization process.
WARNING:Xst:1710 - FF/Latch <portc_buf_6> (without init value) has a constant value of 0 in block <cpu_instructor_copy>. This FF/Latch will be trimmed during the optimization process.
WARNING:Xst:1710 - FF/Latch <portc_buf_5> (without init value) has a constant value of 0 in block <cpu_instructor_copy>. This FF/Latch will be trimmed during the optimization process.
WARNING:Xst:1710 - FF/Latch <portc_buf_4> (without init value) has a constant value of 0 in block <cpu_instructor_copy>. This FF/Latch will be trimmed during the optimization process.
WARNING:Xst:1710 - FF/Latch <portc_buf_3> (without init value) has a constant value of 0 in block <cpu_instructor_copy>. This FF/Latch will be trimmed during the optimization process.
WARNING:Xst:1710 - FF/Latch <portc_buf_2> (without init value) has a constant value of 0 in block <cpu_instructor_copy>. This FF/Latch will be trimmed during the optimization process.
WARNING:Xst:1710 - FF/Latch <portc_buf_1> (without init value) has a constant value of 0 in block <cpu_instructor_copy>. This FF/Latch will be trimmed during the optimization process.
WARNING:Xst:1710 - FF/Latch <portc_buf_0> (without init value) has a constant value of 0 in block <cpu_instructor_copy>. This FF/Latch will be trimmed during the optimization process.
WARNING:Xst:1293 - FF/Latch <mem_addr_0> has a constant value of 0 in block <cpu_instructor_copy>. This FF/Latch will be trimmed during the optimization process.
WARNING:Xst:1293 - FF/Latch <mem_addr_1> has a constant value of 0 in block <cpu_instructor_copy>. This FF/Latch will be trimmed during the optimization process.
WARNING:Xst:1293 - FF/Latch <mem_addr_4> has a constant value of 0 in block <cpu_instructor_copy>. This FF/Latch will be trimmed during the optimization process.
WARNING:Xst:1293 - FF/Latch <mem_addr_6> has a constant value of 0 in block <cpu_instructor_copy>. This FF/Latch will be trimmed during the optimization process.
WARNING:Xst:1293 - FF/Latch <mem_addr_8> has a constant value of 0 in block <cpu_instructor_copy>. This FF/Latch will be trimmed during the optimization process.
WARNING:Xst:1293 - FF/Latch <mem_addr_10> has a constant value of 0 in block <cpu_instructor_copy>. This FF/Latch will be trimmed during the optimization process.
WARNING:Xst:1293 - FF/Latch <mem_addr_12> has a constant value of 0 in block <cpu_instructor_copy>. This FF/Latch will be trimmed during the optimization process.
WARNING:Xst:1293 - FF/Latch <mem_addr_14> has a constant value of 0 in block <cpu_instructor_copy>. This FF/Latch will be trimmed during the optimization process.
WARNING:Xst:1710 - FF/Latch <portb_buf_0> (without init value) has a constant value of 0 in block <cpu_instructor_copy>. This FF/Latch will be trimmed during the optimization process.
WARNING:Xst:1710 - FF/Latch <portb_buf_1> (without init value) has a constant value of 0 in block <cpu_instructor_copy>. This FF/Latch will be trimmed during the optimization process.
WARNING:Xst:1710 - FF/Latch <portb_buf_2> (without init value) has a constant value of 0 in block <cpu_instructor_copy>. This FF/Latch will be trimmed during the optimization process.
WARNING:Xst:1710 - FF/Latch <portb_buf_3> (without init value) has a constant value of 0 in block <cpu_instructor_copy>. This FF/Latch will be trimmed during the optimization process.
WARNING:Xst:1710 - FF/Latch <portb_buf_4> (without init value) has a constant value of 0 in block <cpu_instructor_copy>. This FF/Latch will be trimmed during the optimization process.
WARNING:Xst:1710 - FF/Latch <portb_buf_5> (without init value) has a constant value of 0 in block <cpu_instructor_copy>. This FF/Latch will be trimmed during the optimization process.
WARNING:Xst:1710 - FF/Latch <portb_buf_6> (without init value) has a constant value of 0 in block <cpu_instructor_copy>. This FF/Latch will be trimmed during the optimization process.
WARNING:Xst:1710 - FF/Latch <portb_buf_7> (without init value) has a constant value of 0 in block <cpu_instructor_copy>. This FF/Latch will be trimmed during the optimization process.
WARNING:Xst:1896 - Due to other FF/Latch trimming, FF/Latch <brain.pc_19> has a constant value of 0 in block <cpu_instructor_copy>. This FF/Latch will be trimmed during the optimization process.
WARNING:Xst:1896 - Due to other FF/Latch trimming, FF/Latch <brain.pc_20> has a constant value of 0 in block <cpu_instructor_copy>. This FF/Latch will be trimmed during the optimization process.
WARNING:Xst:1896 - Due to other FF/Latch trimming, FF/Latch <brain.pc_21> has a constant value of 0 in block <cpu_instructor_copy>. This FF/Latch will be trimmed during the optimization process.
WARNING:Xst:1896 - Due to other FF/Latch trimming, FF/Latch <brain.pc_22> has a constant value of 0 in block <cpu_instructor_copy>. This FF/Latch will be trimmed during the optimization process.
WARNING:Xst:1896 - Due to other FF/Latch trimming, FF/Latch <brain.pc_23> has a constant value of 0 in block <cpu_instructor_copy>. This FF/Latch will be trimmed during the optimization process.
WARNING:Xst:1896 - Due to other FF/Latch trimming, FF/Latch <brain.pc_24> has a constant value of 0 in block <cpu_instructor_copy>. This FF/Latch will be trimmed during the optimization process.
WARNING:Xst:1896 - Due to other FF/Latch trimming, FF/Latch <brain.pc_25> has a constant value of 0 in block <cpu_instructor_copy>. This FF/Latch will be trimmed during the optimization process.
WARNING:Xst:1896 - Due to other FF/Latch trimming, FF/Latch <brain.pc_26> has a constant value of 0 in block <cpu_instructor_copy>. This FF/Latch will be trimmed during the optimization process.
WARNING:Xst:1896 - Due to other FF/Latch trimming, FF/Latch <brain.pc_27> has a constant value of 0 in block <cpu_instructor_copy>. This FF/Latch will be trimmed during the optimization process.
WARNING:Xst:1896 - Due to other FF/Latch trimming, FF/Latch <brain.pc_28> has a constant value of 0 in block <cpu_instructor_copy>. This FF/Latch will be trimmed during the optimization process.
WARNING:Xst:1896 - Due to other FF/Latch trimming, FF/Latch <brain.pc_29> has a constant value of 0 in block <cpu_instructor_copy>. This FF/Latch will be trimmed during the optimization process.
WARNING:Xst:1896 - Due to other FF/Latch trimming, FF/Latch <brain.pc_30> has a constant value of 0 in block <cpu_instructor_copy>. This FF/Latch will be trimmed during the optimization process.
WARNING:Xst:1896 - Due to other FF/Latch trimming, FF/Latch <brain.pc_31> has a constant value of 0 in block <cpu_instructor_copy>. This FF/Latch will be trimmed during the optimization process.
WARNING:Xst:1896 - Due to other FF/Latch trimming, FF/Latch <brain.pc_18> has a constant value of 0 in block <cpu_instructor_copy>. This FF/Latch will be trimmed during the optimization process.
WARNING:Xst:1896 - Due to other FF/Latch trimming, FF/Latch <brain.pc_17> has a constant value of 0 in block <cpu_instructor_copy>. This FF/Latch will be trimmed during the optimization process.
WARNING:Xst:1896 - Due to other FF/Latch trimming, FF/Latch <brain.pc_16> has a constant value of 0 in block <cpu_instructor_copy>. This FF/Latch will be trimmed during the optimization process.
WARNING:Xst:1896 - Due to other FF/Latch trimming, FF/Latch <brain.pc_15> has a constant value of 0 in block <cpu_instructor_copy>. This FF/Latch will be trimmed during the optimization process.
WARNING:Xst:1896 - Due to other FF/Latch trimming, FF/Latch <brain.pc_14> has a constant value of 0 in block <cpu_instructor_copy>. This FF/Latch will be trimmed during the optimization process.
WARNING:Xst:1896 - Due to other FF/Latch trimming, FF/Latch <brain.pc_13> has a constant value of 0 in block <cpu_instructor_copy>. This FF/Latch will be trimmed during the optimization process.
WARNING:Xst:1896 - Due to other FF/Latch trimming, FF/Latch <brain.pc_12> has a constant value of 0 in block <cpu_instructor_copy>. This FF/Latch will be trimmed during the optimization process.
WARNING:Xst:1896 - Due to other FF/Latch trimming, FF/Latch <brain.pc_11> has a constant value of 0 in block <cpu_instructor_copy>. This FF/Latch will be trimmed during the optimization process.
WARNING:Xst:1896 - Due to other FF/Latch trimming, FF/Latch <brain.pc_10> has a constant value of 0 in block <cpu_instructor_copy>. This FF/Latch will be trimmed during the optimization process.
WARNING:Xst:1896 - Due to other FF/Latch trimming, FF/Latch <brain.pc_9> has a constant value of 0 in block <cpu_instructor_copy>. This FF/Latch will be trimmed during the optimization process.
WARNING:Xst:1896 - Due to other FF/Latch trimming, FF/Latch <brain.pc_8> has a constant value of 0 in block <cpu_instructor_copy>. This FF/Latch will be trimmed during the optimization process.
WARNING:Xst:1896 - Due to other FF/Latch trimming, FF/Latch <brain.pc_7> has a constant value of 0 in block <cpu_instructor_copy>. This FF/Latch will be trimmed during the optimization process.
WARNING:Xst:1896 - Due to other FF/Latch trimming, FF/Latch <brain.pc_6> has a constant value of 0 in block <cpu_instructor_copy>. This FF/Latch will be trimmed during the optimization process.
WARNING:Xst:1896 - Due to other FF/Latch trimming, FF/Latch <brain.pc_5> has a constant value of 0 in block <cpu_instructor_copy>. This FF/Latch will be trimmed during the optimization process.
INFO:Xst:2261 - The FF/Latch <fsmfake0_0> in Unit <cpu_instructor_copy> is equivalent to the following FF/Latch, which will be removed : <brain.delay_FSM_FFd1> 

Mapping all equations...
Building and optimizing final netlist ...
Found area constraint ratio of 100 (+ 5) on block cpu_instructor_copy, actual ratio is 1.

Final Macro Processing ...

=========================================================================
Final Register Report

Macro Statistics
# Registers                                            : 57
 Flip-Flops                                            : 57

=========================================================================

=========================================================================
*                           Partition Report                            *
=========================================================================

Partition Implementation Status
-------------------------------

  No Partitions were found in this design.

-------------------------------

=========================================================================
*                            Design Summary                             *
=========================================================================

Top Level Output File Name         : cpu_instructor_copy.ngc

Primitive and Black Box Usage:
------------------------------
# BELS                             : 216
#      GND                         : 2
#      INV                         : 5
#      LUT1                        : 30
#      LUT2                        : 6
#      LUT3                        : 22
#      LUT4                        : 7
#      LUT5                        : 20
#      LUT6                        : 35
#      MUXCY                       : 44
#      VCC                         : 2
#      XORCY                       : 43
# FlipFlops/Latches                : 59
#      FDC                         : 23
#      FDCE                        : 6
#      FDE                         : 29
#      FDR                         : 1
# RAMS                             : 32
#      RAMB16BWER                  : 32
# Clock Buffers                    : 2
#      BUFG                        : 1
#      BUFGP                       : 1
# IO Buffers                       : 33
#      IBUF                        : 1
#      OBUF                        : 32

Device utilization summary:
---------------------------

Selected Device : 6slx16csg324-3 


Slice Logic Utilization: 
 Number of Slice Registers:              59  out of  18224     0%  
 Number of Slice LUTs:                  125  out of   9112     1%  
    Number used as Logic:               125  out of   9112     1%  

Slice Logic Distribution: 
 Number of LUT Flip Flop pairs used:    134
   Number with an unused Flip Flop:      75  out of    134    55%  
   Number with an unused LUT:             9  out of    134     6%  
   Number of fully used LUT-FF pairs:    50  out of    134    37%  
   Number of unique control sets:        10

IO Utilization: 
 Number of IOs:                          34
 Number of bonded IOBs:                  34  out of    232    14%  

Specific Feature Utilization:
 Number of Block RAM/FIFO:               32  out of     32   100%  
    Number using Block RAM only:         32
 Number of BUFG/BUFGCTRLs:                2  out of     16    12%  

---------------------------
Partition Resource Summary:
---------------------------

  No Partitions were found in this design.

---------------------------


=========================================================================
Timing Report

NOTE: THESE TIMING NUMBERS ARE ONLY A SYNTHESIS ESTIMATE.
      FOR ACCURATE TIMING INFORMATION PLEASE REFER TO THE TRACE REPORT
      GENERATED AFTER PLACE-and-ROUTE.

Clock Information:
------------------
-----------------------------------+--------------------------------------------------------------------------------------------------------------------------------------+-------+
Clock Signal                       | Clock buffer(FF name)                                                                                                                | Load  |
-----------------------------------+--------------------------------------------------------------------------------------------------------------------------------------+-------+
clk                                | BUFGP                                                                                                                                | 24    |
cpu_clock                          | BUFG                                                                                                                                 | 67    |
cpu_memory/N1                      | NONE(cpu_memory/U0/xst_blk_mem_generator/gnativebmg.native_blk_mem_gen/valid.cstr/ramloop[31].ram.r/s6_init.ram/SP.SIMPLE_PRIM18.ram)| 32    |
-----------------------------------+--------------------------------------------------------------------------------------------------------------------------------------+-------+
INFO:Xst:2169 - HDL ADVISOR - Some clock signals were not automatically buffered by XST with BUFG/BUFR resources. Please use the buffer_type constraint in order to insert these buffers to the clock signals to help prevent skew problems.

Asynchronous Control Signals Information:
----------------------------------------
No asynchronous control signals found in this design

Timing Summary:
---------------
Speed Grade: -3

   Minimum period: 6.907ns (Maximum Frequency: 144.778MHz)
   Minimum input arrival time before clock: 5.026ns
   Maximum output required time after clock: 3.634ns
   Maximum combinational path delay: No path found

Timing Details:
---------------
All values displayed in nanoseconds (ns)

=========================================================================
Timing constraint: Default period analysis for Clock 'clk'
  Clock period: 3.562ns (frequency: 280.745MHz)
  Total number of paths / destination ports: 300 / 25
-------------------------------------------------------------------------
Delay:               3.562ns (Levels of Logic = 2)
  Source:            clock_divider.counter_1 (FF)
  Destination:       cpu_clock (FF)
  Source Clock:      clk rising
  Destination Clock: clk rising

  Data Path: clock_divider.counter_1 to cpu_clock
                                Gate     Net
    Cell:in->out      fanout   Delay   Delay  Logical Name (Net Name)
    ----------------------------------------  ------------
     FDC:C->Q              2   0.447   0.981  clock_divider.counter_1 (clock_divider.counter_1)
     LUT6:I0->O            1   0.203   0.827  GND_6_o_clock_divider.counter[22]_equal_117_o<22>1 (GND_6_o_clock_divider.counter[22]_equal_117_o<22>)
     LUT4:I0->O            1   0.203   0.579  GND_6_o_clock_divider.counter[22]_equal_117_o<22>5 (GND_6_o_clock_divider.counter[22]_equal_117_o)
     FDCE:CE                   0.322          cpu_clock
    ----------------------------------------
    Total                      3.562ns (1.175ns logic, 2.387ns route)
                                       (33.0% logic, 67.0% route)

=========================================================================
Timing constraint: Default period analysis for Clock 'cpu_clock'
  Clock period: 6.907ns (frequency: 144.778MHz)
  Total number of paths / destination ports: 5205 / 322
-------------------------------------------------------------------------
Delay:               6.907ns (Levels of Logic = 15)
  Source:            brain.pc_0 (FF)
  Destination:       brain.pc_4 (FF)
  Source Clock:      cpu_clock rising
  Destination Clock: cpu_clock rising

  Data Path: brain.pc_0 to brain.pc_4
                                Gate     Net
    Cell:in->out      fanout   Delay   Delay  Logical Name (Net Name)
    ----------------------------------------  ------------
     FDCE:C->Q            10   0.447   0.856  brain.pc_0 (brain.pc_0)
     INV:I->O              1   0.206   0.000  Madd_n0185_lut<0>_INV_0 (Madd_n0185_lut<0>)
     MUXCY:S->O            1   0.172   0.000  Madd_n0185_cy<0> (Madd_n0185_cy<0>)
     XORCY:CI->O           8   0.180   0.803  Madd_n0185_xor<1> (n0185<1>)
     LUT1:I0->O            1   0.205   0.000  Madd_brain.pc[31]_GND_6_o_add_15_OUT_cy<1>_rt (Madd_brain.pc[31]_GND_6_o_add_15_OUT_cy<1>_rt)
     MUXCY:S->O            1   0.172   0.000  Madd_brain.pc[31]_GND_6_o_add_15_OUT_cy<1> (Madd_brain.pc[31]_GND_6_o_add_15_OUT_cy<1>)
     XORCY:CI->O           8   0.180   1.031  Madd_brain.pc[31]_GND_6_o_add_15_OUT_xor<2> (brain.pc[31]_GND_6_o_add_15_OUT<2>)
     LUT5:I2->O            1   0.205   0.000  Mram_brain.pc[31]_X_6_o_wide_mux_16_OUT121 (Mram_brain.pc[31]_X_6_o_wide_mux_16_OUT12)
     MUXCY:S->O            1   0.172   0.000  Msub_GND_6_o_GND_6_o_sub_11_OUT_cy<0> (Msub_GND_6_o_GND_6_o_sub_11_OUT_cy<0>)
     MUXCY:CI->O           1   0.019   0.000  Msub_GND_6_o_GND_6_o_sub_11_OUT_cy<1> (Msub_GND_6_o_GND_6_o_sub_11_OUT_cy<1>)
     MUXCY:CI->O           1   0.019   0.000  Msub_GND_6_o_GND_6_o_sub_11_OUT_cy<2> (Msub_GND_6_o_GND_6_o_sub_11_OUT_cy<2>)
     XORCY:CI->O           2   0.180   0.617  Msub_GND_6_o_GND_6_o_sub_11_OUT_xor<3> (GND_6_o_GND_6_o_sub_11_OUT<3>)
     LUT6:I5->O            1   0.205   0.000  Mmux_n01907831 (Mmux_n0190783)
     MUXCY:S->O            0   0.172   0.000  Madd_GND_6_o_GND_6_o_add_85_OUT_cy<3> (Madd_GND_6_o_GND_6_o_add_85_OUT_cy<3>)
     XORCY:CI->O           1   0.180   0.580  Madd_GND_6_o_GND_6_o_add_85_OUT_xor<4> (GND_6_o_GND_6_o_add_85_OUT<4>)
     LUT4:I3->O            1   0.205   0.000  Mmux_GND_6_o_GND_6_o_mux_86_OUT271 (GND_6_o_GND_6_o_mux_86_OUT<4>)
     FDCE:D                    0.102          brain.pc_4
    ----------------------------------------
    Total                      6.907ns (3.021ns logic, 3.886ns route)
                                       (43.7% logic, 56.3% route)

=========================================================================
Timing constraint: Default OFFSET IN BEFORE for Clock 'clk'
  Total number of paths / destination ports: 24 / 24
-------------------------------------------------------------------------
Offset:              3.000ns (Levels of Logic = 1)
  Source:            rst (PAD)
  Destination:       cpu_clock (FF)
  Destination Clock: clk rising

  Data Path: rst to cpu_clock
                                Gate     Net
    Cell:in->out      fanout   Delay   Delay  Logical Name (Net Name)
    ----------------------------------------  ------------
     IBUF:I->O            36   1.222   1.348  rst_IBUF (rst_IBUF)
     FDCE:CLR                  0.430          cpu_clock
    ----------------------------------------
    Total                      3.000ns (1.652ns logic, 1.348ns route)
                                       (55.1% logic, 44.9% route)

=========================================================================
Timing constraint: Default OFFSET IN BEFORE for Clock 'cpu_clock'
  Total number of paths / destination ports: 34 / 34
-------------------------------------------------------------------------
Offset:              5.026ns (Levels of Logic = 3)
  Source:            rst (PAD)
  Destination:       porta_buf_0 (FF)
  Destination Clock: cpu_clock rising

  Data Path: rst to porta_buf_0
                                Gate     Net
    Cell:in->out      fanout   Delay   Delay  Logical Name (Net Name)
    ----------------------------------------  ------------
     IBUF:I->O            36   1.222   1.693  rst_IBUF (rst_IBUF)
     LUT5:I0->O            1   0.203   0.580  _n0365_inv1 (_n0365_inv1)
     LUT4:I3->O            8   0.205   0.802  _n0365_inv4_cepot (_n0365_inv4_cepot)
     FDE:CE                    0.322          porta_buf_0
    ----------------------------------------
    Total                      5.026ns (1.952ns logic, 3.074ns route)
                                       (38.8% logic, 61.2% route)

=========================================================================
Timing constraint: Default OFFSET OUT AFTER for Clock 'cpu_clock'
  Total number of paths / destination ports: 8 / 8
-------------------------------------------------------------------------
Offset:              3.634ns (Levels of Logic = 1)
  Source:            porta_buf_7 (FF)
  Destination:       porta<7> (PAD)
  Source Clock:      cpu_clock rising

  Data Path: porta_buf_7 to porta<7>
                                Gate     Net
    Cell:in->out      fanout   Delay   Delay  Logical Name (Net Name)
    ----------------------------------------  ------------
     FDE:C->Q              2   0.447   0.616  porta_buf_7 (porta_buf_7)
     OBUF:I->O                 2.571          porta_7_OBUF (porta<7>)
    ----------------------------------------
    Total                      3.634ns (3.018ns logic, 0.616ns route)
                                       (83.0% logic, 17.0% route)

=========================================================================

Cross Clock Domains Report:
--------------------------

Clock to Setup on destination clock clk
---------------+---------+---------+---------+---------+
               | Src:Rise| Src:Fall| Src:Rise| Src:Fall|
Source Clock   |Dest:Rise|Dest:Rise|Dest:Fall|Dest:Fall|
---------------+---------+---------+---------+---------+
clk            |    3.562|         |         |         |
---------------+---------+---------+---------+---------+

Clock to Setup on destination clock cpu_clock
---------------+---------+---------+---------+---------+
               | Src:Rise| Src:Fall| Src:Rise| Src:Fall|
Source Clock   |Dest:Rise|Dest:Rise|Dest:Fall|Dest:Fall|
---------------+---------+---------+---------+---------+
cpu_clock      |    6.907|         |         |         |
---------------+---------+---------+---------+---------+

=========================================================================


Total REAL time to Xst completion: 12.00 secs
Total CPU time to Xst completion: 12.06 secs
 
--> 

Total memory usage is 207780 kilobytes

Number of errors   :    0 (   0 filtered)
Number of warnings :   64 (   0 filtered)
Number of infos    :   12 (   0 filtered)

