Running: /opt/Xilinx/14.4/ISE_DS/ISE/bin/lin/unwrapped/fuse -relaunch -intstyle "ise" -incremental -lib "secureip" -o "/home/main/FPGA/cpu_instructor_copy_isim_beh.exe" -prj "/home/main/FPGA/cpu_instructor_copy_beh.prj" "work.cpu_instructor_copy" 
ISim P.49d (signature 0xfbc00daa)
Number of CPUs detected in this system: 2
Turning on mult-threading, number of parallel sub-compilation jobs: 4 
Determining compilation order of HDL files
Parsing VHDL file "/home/main/FPGA/ipcore_dir/memory.vhd" into library work
Parsing VHDL file "/home/main/FPGA/cpu_instructor_copy.vhd" into library work
Starting static elaboration
Completed static elaboration
Fuse Memory Usage: 83684 KB
Fuse CPU Usage: 3070 ms
Compiling package standard
Compiling package std_logic_1164
Compiling package std_logic_arith
Compiling package std_logic_unsigned
Compiling package numeric_std
Compiling package textio
Compiling package std_logic_textio
Compiling architecture output_stage_behavioral of entity BLK_MEM_GEN_V7_3_output_stage [\BLK_MEM_GEN_V7_3_output_stage("...]
Compiling architecture softecc_output_reg_stage_behavioral of entity BLK_MEM_GEN_V7_3_softecc_output_reg_stage [\BLK_MEM_GEN_V7_3_softecc_output...]
Compiling architecture mem_module_behavioral of entity BLK_MEM_GEN_V7_3_mem_module [\BLK_MEM_GEN_V7_3_mem_module("bl...]
Compiling architecture behavioral of entity BLK_MEM_GEN_V7_3 [\BLK_MEM_GEN_V7_3("blk_mem_gen_v...]
Compiling architecture memory_a of entity memory [memory_default]
Compiling architecture behavioral of entity cpu_instructor_copy
Time Resolution for simulation is 1ps.
Waiting for 1 sub-compilation(s) to finish...
Compiled 18 VHDL Units
Built simulation executable /home/main/FPGA/cpu_instructor_copy_isim_beh.exe
Fuse Memory Usage: 128928 KB
Fuse CPU Usage: 3780 ms
GCC CPU Usage: 2260 ms
