#
# A fatal error has been detected by the Java Runtime Environment:
#
#  EXCEPTION_ACCESS_VIOLATION (0xc0000005) at pc=0x000007fc0afa1355, pid=13016, tid=14708
#
# JRE version: 7.0_17-b02
# Java VM: Java HotSpot(TM) 64-Bit Server VM (23.7-b01 mixed mode windows-amd64 compressed oops)
# Problematic frame:
# C  [msvcrt.dll+0x1355]  free_dbg+0x5
#
# Failed to write core dump. Minidumps are not enabled by default on client versions of Windows
#
# If you would like to submit a bug report, please visit:
#   http://bugreport.sun.com/bugreport/crash.jsp
# The crash happened outside the Java Virtual Machine in native code.
# See problematic frame for where to report the bug.
#

---------------  T H R E A D  ---------------

Current thread (0x000000002ec79800):  JavaThread "Swing-Shell" daemon [_thread_in_native, id=14708, stack(0x0000000032870000,0x0000000032b70000)]

siginfo: ExceptionCode=0xc0000005, reading address 0x00000000000000c5

Registers:
RAX=0x00000000000000c5, RBX=0x000007fc09397fe0, RCX=0x000000002e0bba0c, RDX=0x000007fbdb2e0e34
RSP=0x0000000032b6c2d8, RBP=0x0000000032b6c3e0, RSI=0x0000000080040111, RDI=0x0000000000000000
R8 =0x0000000000000010, R9 =0x0000000000000000, R10=0x000000002e0bba0c, R11=0x000007fc0b0815f8
R12=0x000007fc09397fd0, R13=0x0000000032b6c8a8, R14=0x000000002e0bba0c, R15=0x0000000000000000
RIP=0x000007fc0afa1355, EFLAGS=0x0000000000010293

Top of Stack: (sp=0x0000000032b6c2d8)
0x0000000032b6c2d8:   000007fc093328f6 0000000000000002
0x0000000032b6c2e8:   0000000032b6c438 0000000000000b00
0x0000000032b6c2f8:   0000000032b6c438 000000000000004e
0x0000000032b6c308:   0000000032b6c4a0 0000000100000000
0x0000000032b6c318:   000007fc093abfa8 0000000000000401
0x0000000032b6c328:   0000000000000000 0000000000000000
0x0000000032b6c338:   0000000032b6c3c0 004600460044007b
0x0000000032b6c348:   0043004400430041 00370036002d0035
0x0000000032b6c358:   0034002d00460039 002d003600350031
0x0000000032b6c368:   0037003400390038 004300350043002d
0x0000000032b6c378:   0043004200360037 0037003600420030
0x0000000032b6c388:   00000000007d0046 000000002e0a0000
0x0000000032b6c398:   0000000032b6c4a0 0000000000000000
0x0000000032b6c3a8:   000007fc093a0a08 0000000000000027
0x0000000032b6c3b8:   000007fc09353e94 0000000000000001
0x0000000032b6c3c8:   0000000000008000 fffffffffffffffe 

Instructions: (pc=0x000007fc0afa1355)
0x000007fc0afa1335:   3a 04 0a 75 1b 48 ff c1 49 ff c8 f6 c1 07 75 ee
0x000007fc0afa1345:   eb 87 cc 90 90 90 90 90 90 90 90 48 b8 60 81 91
0x000007fc0afa1355:   0a 00 00 00 00 ff e0 90 90 90 90 90 90 90 90 48
0x000007fc0afa1365:   b8 60 73 91 0a 00 00 00 00 ff e0 83 ec 20 48 83 


Register to memory mapping:

RAX=0x00000000000000c5 is an unknown value
RBX=0x000007fc09397fe0 is an unknown value
RCX=0x000000002e0bba0c is an unknown value
RDX=0x000007fbdb2e0e34 is an unknown value
RSP=0x0000000032b6c2d8 is pointing into the stack for thread: 0x000000002ec79800
RBP=0x0000000032b6c3e0 is pointing into the stack for thread: 0x000000002ec79800
RSI=0x0000000080040111 is an unknown value
RDI=0x0000000000000000 is an unknown value
R8 =0x0000000000000010 is an unknown value
R9 =0x0000000000000000 is an unknown value
R10=0x000000002e0bba0c is an unknown value
R11=0x000007fc0b0815f8 is an unknown value
R12=0x000007fc09397fd0 is an unknown value
R13=0x0000000032b6c8a8 is pointing into the stack for thread: 0x000000002ec79800
R14=0x000000002e0bba0c is an unknown value
R15=0x0000000000000000 is an unknown value


Stack: [0x0000000032870000,0x0000000032b70000],  sp=0x0000000032b6c2d8,  free space=3056k
Native frames: (J=compiled Java code, j=interpreted, Vv=VM code, C=native code)
C  [msvcrt.dll+0x1355]  free_dbg+0x5

Java frames: (J=compiled Java code, j=interpreted, Vv=VM code)
j  sun.awt.shell.Win32ShellFolder2.getDisplayNameOf(JJI)Ljava/lang/String;+0
j  sun.awt.shell.Win32ShellFolder2.getFileSystemPath(JJ)Ljava/lang/String;+66
j  sun.awt.shell.Win32ShellFolder2.access$400(JJ)Ljava/lang/String;+2
j  sun.awt.shell.Win32ShellFolder2$10.call()Lsun/awt/shell/Win32ShellFolder2;+50
j  sun.awt.shell.Win32ShellFolder2$10.call()Ljava/lang/Object;+1
j  java.util.concurrent.FutureTask$Sync.innerRun()V+29
j  java.util.concurrent.FutureTask.run()V+4
j  java.util.concurrent.ThreadPoolExecutor.runWorker(Ljava/util/concurrent/ThreadPoolExecutor$Worker;)V+95
j  java.util.concurrent.ThreadPoolExecutor$Worker.run()V+5
j  sun.awt.shell.Win32ShellFolderManager2$ComInvoker$3.run()V+7
j  java.lang.Thread.run()V+11
v  ~StubRoutines::call_stub

---------------  P R O C E S S  ---------------

Java Threads: ( => current thread )
=>0x000000002ec79800 JavaThread "Swing-Shell" daemon [_thread_in_native, id=14708, stack(0x0000000032870000,0x0000000032b70000)]
  0x000000002eaeb800 JavaThread "HFileChooser Load File/Folder Choosers Thread" [_thread_blocked, id=4852, stack(0x0000000032570000,0x0000000032870000)]
  0x00000000308a0800 JavaThread "Monitor File Timestamp" [_thread_blocked, id=13960, stack(0x0000000032270000,0x0000000032570000)]
  0x0000000027e85000 JavaThread "Image Fetcher 3" daemon [_thread_blocked, id=10392, stack(0x0000000031370000,0x0000000031670000)]
  0x0000000027e69800 JavaThread "Image Fetcher 2" daemon [_thread_blocked, id=6064, stack(0x0000000031070000,0x0000000031370000)]
  0x0000000028be6000 JavaThread "Image Fetcher 1" daemon [_thread_blocked, id=13760, stack(0x0000000030d70000,0x0000000031070000)]
  0x000000002b814800 JavaThread "D3D Screen Updater" daemon [_thread_blocked, id=13400, stack(0x000000002fac0000,0x000000002fdc0000)]
  0x000000002bd2d000 JavaThread "Image Fetcher 0" daemon [_thread_blocked, id=5944, stack(0x000000002d0e0000,0x000000002d3e0000)]
  0x000000002c6e4800 JavaThread "AWT-EventQueue-1" [_thread_in_vm, id=13476, stack(0x000000002cb40000,0x000000002ce40000)]
  0x000000002c5f7800 JavaThread "Process Messages" [_thread_blocked, id=8564, stack(0x000000002c740000,0x000000002ca40000)]
  0x0000000019f4b000 JavaThread "Thread-3" [_thread_blocked, id=13352, stack(0x0000000003d10000,0x0000000005110000)]
  0x000000002c067800 JavaThread "AWT-EventQueue-0" [_thread_blocked, id=1080, stack(0x000000002c140000,0x000000002c440000)]
  0x0000000028ba0800 JavaThread "AWT-Windows" daemon [_thread_in_native, id=3664, stack(0x0000000029f10000,0x000000002a210000)]
  0x0000000028ba1000 JavaThread "AWT-Shutdown" [_thread_blocked, id=6492, stack(0x0000000029c10000,0x0000000029f10000)]
  0x0000000028ba2000 JavaThread "Java2D Disposer" daemon [_thread_blocked, id=7392, stack(0x0000000029710000,0x0000000029a10000)]
  0x0000000028c00800 JavaThread "TimerQueue" daemon [_thread_blocked, id=9992, stack(0x0000000029310000,0x0000000029610000)]
  0x0000000021490800 JavaThread "Service Thread" daemon [_thread_blocked, id=7212, stack(0x0000000027980000,0x0000000027c80000)]
  0x0000000021480800 JavaThread "C1 CompilerThread3" daemon [_thread_in_native, id=10996, stack(0x0000000027880000,0x0000000027980000)]
  0x0000000020b30800 JavaThread "C2 CompilerThread2" daemon [_thread_blocked, id=8572, stack(0x0000000027780000,0x0000000027880000)]
  0x0000000020b10800 JavaThread "C2 CompilerThread1" daemon [_thread_blocked, id=15088, stack(0x0000000027680000,0x0000000027780000)]
  0x0000000020af0800 JavaThread "C2 CompilerThread0" daemon [_thread_blocked, id=14016, stack(0x0000000027580000,0x0000000027680000)]
  0x00000000216b0800 JavaThread "Attach Listener" daemon [_thread_blocked, id=3824, stack(0x0000000027280000,0x0000000027580000)]
  0x00000000216a0800 JavaThread "Signal Dispatcher" daemon [_thread_blocked, id=1380, stack(0x0000000026f80000,0x0000000027280000)]
  0x00000000216a2800 JavaThread "Surrogate Locker Thread (Concurrent GC)" daemon [_thread_blocked, id=9180, stack(0x0000000026c80000,0x0000000026f80000)]
  0x0000000021531800 JavaThread "Finalizer" daemon [_thread_blocked, id=14624, stack(0x0000000026880000,0x0000000026b80000)]
  0x0000000021533800 JavaThread "Reference Handler" daemon [_thread_blocked, id=7716, stack(0x0000000026580000,0x0000000026880000)]
  0x0000000019f6b000 JavaThread "main" [_thread_blocked, id=13744, stack(0x000000001a0a0000,0x000000001a1a0000)]

Other Threads:
  0x00000000214f2000 VMThread [stack: 0x0000000026480000,0x0000000026580000] [id=6364]
  0x00000000214a0800 WatcherThread [stack: 0x0000000027c80000,0x0000000027d80000] [id=14428]

VM state:not at safepoint (normal execution)

VM Mutex/Monitor currently owned by a thread:  ([mutex/lock_event])
[0x000000001a021b80] Compile_lock - owner thread: 0x0000000000000000

Heap
 par new generation   total 55296K, used 18117K [0x0000000778000000, 0x000000077bc00000, 0x000000077bc00000)
  eden space 49152K,  24% used [0x0000000778000000, 0x0000000778bb15c8, 0x000000077b000000)
  from space 6144K, 100% used [0x000000077b000000, 0x000000077b600000, 0x000000077b600000)
  to   space 6144K,   0% used [0x000000077b600000, 0x000000077b600000, 0x000000077bc00000)
 concurrent mark-sweep generation total 69632K, used 10483K [0x000000077bc00000, 0x0000000780000000, 0x00000007f8000000)
 concurrent-mark-sweep perm gen total 131072K, used 26093K [0x00000007f8000000, 0x0000000800000000, 0x0000000800000000)

Card table byte_map: [0x0000000020c40000,0x0000000021090000] byte_map_base: 0x000000001d080000

Polling page: 0x000000001a1a0000

Code Cache  [0x000000001a1c0000, 0x000000001a790000, 0x00000000201c0000)
 total_blobs=2127 nmethods=1539 adapters=505 free_code_cache=92519Kb largest_free_block=94572224

Compilation events (10 events):
Event: 2.441 Thread 0x0000000021480800 nmethod 1789 0x000000001a65ccd0 code [0x000000001a65ce80, 0x000000001a65d3e8]
Event: 2.441 Thread 0x0000000021480800 1788       3       sun.awt.image.IntegerInterleavedRaster::setDataElements (94 bytes)
Event: 2.442 Thread 0x0000000021480800 nmethod 1788 0x000000001a4c3790 code [0x000000001a4c3940, 0x000000001a4c3fe8]
Event: 2.446 Thread 0x0000000021480800 1791       3       java.lang.Integer::stringSize (21 bytes)
Event: 2.446 Thread 0x0000000021480800 nmethod 1791 0x000000001a6b4550 code [0x000000001a6b46c0, 0x000000001a6b48f0]
Event: 2.446 Thread 0x0000000021480800 1792       3       java.lang.Integer::getChars (131 bytes)
Event: 2.446 Thread 0x0000000021480800 nmethod 1792 0x000000001a33c950 code [0x000000001a33cb00, 0x000000001a33cfb0]
Event: 2.446 Thread 0x0000000021480800 1793       3       java.lang.reflect.Array::newInstance (6 bytes)
Event: 2.446 Thread 0x0000000021480800 nmethod 1793 0x000000001a5e7590 code [0x000000001a5e7700, 0x000000001a5e78a8]
Event: 2.447 Thread 0x0000000020b10800 nmethod 1790 0x000000001a4d0ed0 code [0x000000001a4d10a0, 0x000000001a4d1df0]

GC Heap History (4 events):
Event: 0.883 GC heap before
{Heap before GC invocations=0 (full 0):
 par new generation   total 55296K, used 49152K [0x0000000778000000, 0x000000077bc00000, 0x000000077bc00000)
  eden space 49152K, 100% used [0x0000000778000000, 0x000000077b000000, 0x000000077b000000)
  from space 6144K,   0% used [0x000000077b000000, 0x000000077b000000, 0x000000077b600000)
  to   space 6144K,   0% used [0x000000077b600000, 0x000000077b600000, 0x000000077bc00000)
 concurrent mark-sweep generation total 69632K, used 0K [0x000000077bc00000, 0x0000000780000000, 0x00000007f8000000)
 concurrent-mark-sweep perm gen total 131072K, used 13024K [0x00000007f8000000, 0x0000000800000000, 0x0000000800000000)
Event: 0.893 GC heap after
Heap after GC invocations=1 (full 0):
 par new generation   total 55296K, used 6144K [0x0000000778000000, 0x000000077bc00000, 0x000000077bc00000)
  eden space 49152K,   0% used [0x0000000778000000, 0x0000000778000000, 0x000000077b000000)
  from space 6144K, 100% used [0x000000077b600000, 0x000000077bc00000, 0x000000077bc00000)
  to   space 6144K,   0% used [0x000000077b000000, 0x000000077b000000, 0x000000077b600000)
 concurrent mark-sweep generation total 69632K, used 561K [0x000000077bc00000, 0x0000000780000000, 0x00000007f8000000)
 concurrent-mark-sweep perm gen total 131072K, used 13024K [0x00000007f8000000, 0x0000000800000000, 0x0000000800000000)
}
Event: 2.183 GC heap before
{Heap before GC invocations=1 (full 0):
 par new generation   total 55296K, used 55296K [0x0000000778000000, 0x000000077bc00000, 0x000000077bc00000)
  eden space 49152K, 100% used [0x0000000778000000, 0x000000077b000000, 0x000000077b000000)
  from space 6144K, 100% used [0x000000077b600000, 0x000000077bc00000, 0x000000077bc00000)
  to   space 6144K,   0% used [0x000000077b000000, 0x000000077b000000, 0x000000077b600000)
 concurrent mark-sweep generation total 69632K, used 561K [0x000000077bc00000, 0x0000000780000000, 0x00000007f8000000)
 concurrent-mark-sweep perm gen total 131072K, used 22962K [0x00000007f8000000, 0x0000000800000000, 0x0000000800000000)
Event: 2.212 GC heap after
Heap after GC invocations=2 (full 0):
 par new generation   total 55296K, used 6144K [0x0000000778000000, 0x000000077bc00000, 0x000000077bc00000)
  eden space 49152K,   0% used [0x0000000778000000, 0x0000000778000000, 0x000000077b000000)
  from space 6144K, 100% used [0x000000077b000000, 0x000000077b600000, 0x000000077b600000)
  to   space 6144K,   0% used [0x000000077b600000, 0x000000077b600000, 0x000000077bc00000)
 concurrent mark-sweep generation total 69632K, used 10483K [0x000000077bc00000, 0x0000000780000000, 0x00000007f8000000)
 concurrent-mark-sweep perm gen total 131072K, used 22962K [0x00000007f8000000, 0x0000000800000000, 0x0000000800000000)
}

Deoptimization events (10 events):
Event: 2.330 Thread 0x000000002c6e4800 Uncommon trap -83 fr.pc 0x000000001a2b3b28
Event: 2.371 Thread 0x000000002c6e4800 Uncommon trap -83 fr.pc 0x000000001a347b04
Event: 2.386 Thread 0x000000002c6e4800 Uncommon trap -34 fr.pc 0x000000001a3bd3a4
Event: 2.397 Thread 0x000000002c6e4800 Uncommon trap -34 fr.pc 0x000000001a7852c0
Event: 2.424 Thread 0x000000002eaeb800 Uncommon trap -83 fr.pc 0x000000001a72df7c
Event: 2.427 Thread 0x000000002eaeb800 Uncommon trap -58 fr.pc 0x000000001a5de1d4
Event: 2.429 Thread 0x000000002eaeb800 Uncommon trap -58 fr.pc 0x000000001a5de1d4
Event: 2.430 Thread 0x000000002eaeb800 Uncommon trap -58 fr.pc 0x000000001a5de1d4
Event: 2.430 Thread 0x000000002eaeb800 Uncommon trap -58 fr.pc 0x000000001a5de1d4
Event: 2.446 Thread 0x000000002eaeb800 Uncommon trap 668 fr.pc 0x000000001a6f5354

Internal exceptions (10 events):
Event: 2.415 Thread 0x000000002c6e4800 Threw 0x0000000778981b28 at C:\jdk7u2_64p\jdk7u17\hotspot\src\share\vm\prims\jvm.cpp:1166
Event: 2.416 Thread 0x000000002c6e4800 Threw 0x000000077898d698 at C:\jdk7u2_64p\jdk7u17\hotspot\src\share\vm\prims\jvm.cpp:1166
Event: 2.416 Thread 0x000000002c6e4800 Threw 0x0000000778991d68 at C:\jdk7u2_64p\jdk7u17\hotspot\src\share\vm\prims\jvm.cpp:1166
Event: 2.417 Thread 0x000000002c6e4800 Threw 0x00000007789a7260 at C:\jdk7u2_64p\jdk7u17\hotspot\src\share\vm\prims\jvm.cpp:1166
Event: 2.418 Thread 0x000000002c6e4800 Threw 0x00000007789ad858 at C:\jdk7u2_64p\jdk7u17\hotspot\src\share\vm\prims\jvm.cpp:1166
Event: 2.419 Thread 0x000000002c6e4800 Threw 0x00000007789b9358 at C:\jdk7u2_64p\jdk7u17\hotspot\src\share\vm\prims\jvm.cpp:1166
Event: 2.422 Thread 0x000000002eaeb800 Threw 0x00000007789eade8 at C:\jdk7u2_64p\jdk7u17\hotspot\src\share\vm\prims\jvm.cpp:1166
Event: 2.423 Thread 0x000000002eaeb800 Threw 0x0000000778a63900 at C:\jdk7u2_64p\jdk7u17\hotspot\src\share\vm\prims\jvm.cpp:1166
Event: 2.427 Thread 0x000000002eaeb800 Threw 0x0000000778a6cf70 at C:\jdk7u2_64p\jdk7u17\hotspot\src\share\vm\prims\jvm.cpp:1166
Event: 2.427 Thread 0x000000002eaeb800 Threw 0x0000000778a6f700 at C:\jdk7u2_64p\jdk7u17\hotspot\src\share\vm\prims\jvm.cpp:1166

Events (10 events):
Event: 2.452 loading class 0x000000002eb52ab0
Event: 2.452 loading class 0x000000002eb52ab0 done
Event: 2.452 loading class 0x000000002eb52c00
Event: 2.452 loading class 0x000000002eb52c00 done
Event: 2.453 loading class 0x000000002eb52c60
Event: 2.453 loading class 0x000000002eb52c60 done
Event: 2.454 loading class 0x000000002eb52a50
Event: 2.454 loading class 0x000000002eb52a50 done
Event: 2.454 loading class 0x000000002eb52d20
Event: 2.454 loading class 0x000000002eb52d20 done


Dynamic libraries:
0x0000000140000000 - 0x000000014000e000 	C:\Xilinx\14.6\ISE_DS\PlanAhead\bin\unwrapped\win64.o\planAhead.exe
0x000007fc0b450000 - 0x000007fc0b610000 	C:\Windows\SYSTEM32\ntdll.dll
0x000007fc08d50000 - 0x000007fc08e86000 	C:\Windows\system32\KERNEL32.DLL
0x000007fc08750000 - 0x000007fc08843000 	C:\Windows\system32\KERNELBASE.dll
0x000000000a900000 - 0x000000000a945000 	C:\Xilinx\14.6\ISE_DS\PlanAhead\lib\win64.o\SHSMP64.dll
0x0000000180000000 - 0x0000000180013000 	C:\Xilinx\14.6\ISE_DS\PlanAhead\lib\win64.o\libboost_signals.dll
0x0000000000420000 - 0x0000000000ca1000 	C:\Xilinx\14.6\ISE_DS\PlanAhead\lib\win64.o\librdi_common.dll
0x00000000001f0000 - 0x0000000000206000 	C:\Xilinx\14.6\ISE_DS\PlanAhead\lib\win64.o\librdi_commonmain.dll
0x0000000000210000 - 0x00000000002fe000 	C:\Xilinx\14.6\ISE_DS\PlanAhead\lib\win64.o\stlport.5.2.dll
0x0000000059080000 - 0x0000000059123000 	C:\Windows\WinSxS\amd64_microsoft.vc90.crt_1fc8b3b9a1e18e3b_9.0.30729.6871_none_08e717a5a83adddf\MSVCR90.dll
0x000007fc0a610000 - 0x000007fc0a75c000 	C:\Windows\system32\USER32.dll
0x000007fc0ad60000 - 0x000007fc0ae3e000 	C:\Windows\system32\ADVAPI32.dll
0x000007fc04a00000 - 0x000007fc04a09000 	C:\Windows\SYSTEM32\VERSION.dll
0x0000000000d20000 - 0x0000000001009000 	C:\Xilinx\14.6\ISE_DS\PlanAhead\lib\win64.o\libCOIN-all.dll
0x0000000001010000 - 0x00000000011c5000 	C:\Xilinx\14.6\ISE_DS\PlanAhead\lib\win64.o\libSecurity.dll
0x0000000000310000 - 0x000000000031f000 	C:\Xilinx\14.6\ISE_DS\PlanAhead\lib\win64.o\libboost_date_time.dll
0x00000000011d0000 - 0x00000000011f7000 	C:\Xilinx\14.6\ISE_DS\PlanAhead\lib\win64.o\libboost_filesystem.dll
0x0000000001200000 - 0x0000000001271000 	C:\Xilinx\14.6\ISE_DS\PlanAhead\lib\win64.o\libboost_program_options.dll
0x0000000001280000 - 0x000000000132f000 	C:\Xilinx\14.6\ISE_DS\PlanAhead\lib\win64.o\libboost_regex.dll
0x0000000001330000 - 0x0000000001339000 	C:\Xilinx\14.6\ISE_DS\PlanAhead\lib\win64.o\libboost_system.dll
0x0000000001340000 - 0x0000000001356000 	C:\Xilinx\14.6\ISE_DS\PlanAhead\lib\win64.o\libboost_thread.dll
0x0000000001360000 - 0x00000000013a3000 	C:\Xilinx\14.6\ISE_DS\PlanAhead\lib\win64.o\libcurl.dll
0x00000000013b0000 - 0x0000000001433000 	C:\Xilinx\14.6\ISE_DS\PlanAhead\lib\win64.o\libhdlpsolve.dll
0x0000000001440000 - 0x00000000014f7000 	C:\Xilinx\14.6\ISE_DS\PlanAhead\lib\win64.o\libhdxml.dll
0x0000000001500000 - 0x0000000001a430d3 	C:\Xilinx\14.6\ISE_DS\PlanAhead\lib\win64.o\libisl_iostreams.dll
0x0000000001a50000 - 0x0000000001a79000 	C:\Xilinx\14.6\ISE_DS\PlanAhead\lib\win64.o\libisl_sysinfo.dll
0x0000000057280000 - 0x000000005799f000 	C:\Xilinx\14.6\ISE_DS\PlanAhead\tps\win64\jre\bin\server\jvm.dll
0x0000000001a80000 - 0x0000000001a92000 	C:\Xilinx\14.6\ISE_DS\PlanAhead\lib\win64.o\pthreadVC.dll
0x0000000001aa0000 - 0x0000000001ab6000 	C:\Xilinx\14.6\ISE_DS\PlanAhead\lib\win64.o\librdiconfig.dll
0x0000000001ac0000 - 0x0000000001ade000 	C:\Xilinx\14.6\ISE_DS\PlanAhead\lib\win64.o\librdizlib.dll
0x0000000010000000 - 0x000000001012a000 	C:\Xilinx\14.6\ISE_DS\PlanAhead\lib\win64.o\tcl85t.dll
0x0000000012000000 - 0x0000000012282000 	C:\Xilinx\14.6\ISE_DS\PlanAhead\lib\win64.o\xerces-c_3_1.dll
0x000007fc0b050000 - 0x000007fc0b057000 	C:\Windows\system32\PSAPI.DLL
0x000007fc0a950000 - 0x000007fc0ab7d000 	C:\Windows\system32\WININET.dll
0x000007fc02230000 - 0x000007fc022e1000 	C:\Windows\SYSTEM32\WINHTTP.dll
0x000007fc0ae40000 - 0x000007fc0af99000 	C:\Windows\system32\urlmon.dll
0x000007fc02c60000 - 0x000007fc02c69000 	C:\Windows\SYSTEM32\WSOCK32.dll
0x00000000579b0000 - 0x0000000057a83000 	C:\Windows\WinSxS\amd64_microsoft.vc90.crt_1fc8b3b9a1e18e3b_9.0.30729.6871_none_08e717a5a83adddf\MSVCP90.dll
0x000007fc09330000 - 0x000007fc0a610000 	C:\Windows\system32\SHELL32.dll
0x000007fc0b1c0000 - 0x000007fc0b301000 	C:\Windows\system32\GDI32.dll
0x000007fc0afa0000 - 0x000007fc0b045000 	C:\Windows\system32\msvcrt.dll
0x000007fc0b0c0000 - 0x000007fc0b108000 	C:\Windows\SYSTEM32\sechost.dll
0x000007fc0b310000 - 0x000007fc0b450000 	C:\Windows\system32\RPCRT4.dll
0x000007fc077f0000 - 0x000007fc07805000 	C:\Windows\SYSTEM32\NETAPI32.dll
0x000007fc0b110000 - 0x000007fc0b1b1000 	C:\Windows\system32\COMDLG32.dll
0x000007fc086a0000 - 0x000007fc08744000 	C:\Windows\WinSxS\amd64_microsoft.windows.common-controls_6595b64144ccf1df_5.82.9200.16384_none_7762d5fd3178b04e\COMCTL32.dll
0x0000000001b80000 - 0x0000000001b8c000 	C:\Xilinx\14.6\ISE_DS\PlanAhead\lib\win64.o\libboost_chrono.dll
0x000007fc0ad00000 - 0x000007fc0ad58000 	C:\Windows\system32\WS2_32.dll
0x000007fc0a8c0000 - 0x000007fc0a91e000 	C:\Windows\system32\WLDAP32.dll
0x0000000001bc0000 - 0x0000000001bd9000 	C:\Xilinx\14.6\ISE_DS\PlanAhead\lib\win64.o\libboost_iostreams.dll
0x000007fbfcc80000 - 0x000007fbfcca0000 	C:\Windows\SYSTEM32\WINMM.dll
0x0000000059230000 - 0x0000000059302000 	C:\Windows\SYSTEM32\MSVCR100.dll
0x000007fc08ac0000 - 0x000007fc08d4c000 	C:\Windows\system32\iertutil.dll
0x000007fc08e90000 - 0x000007fc09040000 	C:\Windows\SYSTEM32\combase.dll
0x000007fc0ab80000 - 0x000007fc0acfe000 	C:\Windows\system32\ole32.dll
0x000007fc0b070000 - 0x000007fc0b0c0000 	C:\Windows\system32\SHLWAPI.dll
0x000007fc07790000 - 0x000007fc0779e000 	C:\Windows\SYSTEM32\netutils.dll
0x000007fc07fb0000 - 0x000007fc07fd4000 	C:\Windows\SYSTEM32\srvcli.dll
0x000007fc07770000 - 0x000007fc07785000 	C:\Windows\SYSTEM32\wkscli.dll
0x000007fc0b060000 - 0x000007fc0b069000 	C:\Windows\system32\NSI.dll
0x000007fbfcc40000 - 0x000007fbfcc72000 	C:\Windows\SYSTEM32\WINMMBASE.dll
0x000007fc06b40000 - 0x000007fc06bd6000 	C:\Windows\SYSTEM32\SHCORE.DLL
0x000007fc0a760000 - 0x000007fc0a799000 	C:\Windows\system32\IMM32.DLL
0x000007fc09040000 - 0x000007fc09155000 	C:\Windows\system32\MSCTF.dll
0x0000000005110000 - 0x0000000005403000 	C:\Xilinx\14.6\ISE_DS\PlanAhead\lib\win64.o\librdi_commontasks.dll
0x0000000005d10000 - 0x0000000006350000 	C:\Xilinx\14.6\ISE_DS\PlanAhead\lib\win64.o\librdi_coretasks.dll
0x0000000006350000 - 0x0000000006517000 	C:\Xilinx\14.6\ISE_DS\PlanAhead\lib\win64.o\librdi_chipscope.dll
0x0000000006520000 - 0x0000000007540000 	C:\Xilinx\14.6\ISE_DS\PlanAhead\lib\win64.o\librdi_constraints.dll
0x0000000007540000 - 0x000000000880c000 	C:\Xilinx\14.6\ISE_DS\PlanAhead\lib\win64.o\librdi_coregen.dll
0x000000000a950000 - 0x000000000dfa1000 	C:\Xilinx\14.6\ISE_DS\PlanAhead\lib\win64.o\librdi_designutils.dll
0x0000000008810000 - 0x00000000093ea000 	C:\Xilinx\14.6\ISE_DS\PlanAhead\lib\win64.o\librdi_device.dll
0x00000000093f0000 - 0x0000000009704000 	C:\Xilinx\14.6\ISE_DS\PlanAhead\lib\win64.o\librdi_drc.dll
0x0000000009710000 - 0x000000000999e000 	C:\Xilinx\14.6\ISE_DS\PlanAhead\lib\win64.o\librdi_filemgmt.dll
0x00000000099a0000 - 0x0000000009d76000 	C:\Xilinx\14.6\ISE_DS\PlanAhead\lib\win64.o\librdi_netlist.dll
0x000000000dfb0000 - 0x000000000f0d3000 	C:\Xilinx\14.6\ISE_DS\PlanAhead\lib\win64.o\librdi_place.dll
0x0000000009d80000 - 0x000000000a2a2000 	C:\Xilinx\14.6\ISE_DS\PlanAhead\lib\win64.o\librdi_power.dll
0x000000000a2b0000 - 0x000000000a663000 	C:\Xilinx\14.6\ISE_DS\PlanAhead\lib\win64.o\librdi_project.dll
0x000000000f0e0000 - 0x000000000f67d000 	C:\Xilinx\14.6\ISE_DS\PlanAhead\lib\win64.o\librdi_rsb.dll
0x000000000f680000 - 0x000000000fa78000 	C:\Xilinx\14.6\ISE_DS\PlanAhead\lib\win64.o\librdi_runs.dll
0x0000000010130000 - 0x0000000010c08000 	C:\Xilinx\14.6\ISE_DS\PlanAhead\lib\win64.o\librdi_timing.dll
0x0000000003780000 - 0x00000000037ee000 	C:\Xilinx\14.6\ISE_DS\PlanAhead\lib\win64.o\liblmx6.0.dll
0x0000000003800000 - 0x0000000003808000 	C:\Xilinx\14.6\ISE_DS\PlanAhead\lib\win64.o\libpsta_dllwrapper.dll
0x0000000010c10000 - 0x00000000113df000 	C:\Xilinx\14.6\ISE_DS\PlanAhead\lib\win64.o\librdi_coregenipxact.dll
0x00000000113e0000 - 0x0000000011b80000 	C:\Xilinx\14.6\ISE_DS\PlanAhead\lib\win64.o\libverific.dll
0x000000000a680000 - 0x000000000a6fd000 	C:\Xilinx\14.6\ISE_DS\PlanAhead\lib\win64.o\libboost_serialization.dll
0x000000000fa80000 - 0x000000000ffc4000 	C:\Xilinx\14.6\ISE_DS\PlanAhead\lib\win64.o\librdi_xdm.dll
0x000000000a750000 - 0x000000000a7e0000 	C:\Xilinx\14.6\ISE_DS\PlanAhead\lib\win64.o\libise.dll
0x0000000012290000 - 0x000000001286c000 	C:\Xilinx\14.6\ISE_DS\PlanAhead\lib\win64.o\librdi_abc_nomp.dll
0x0000000011b80000 - 0x0000000011ca8000 	C:\Xilinx\14.6\ISE_DS\PlanAhead\lib\win64.o\librdi_dlyest.dll
0x000000000a7e0000 - 0x000000000a7fa000 	C:\Xilinx\14.6\ISE_DS\PlanAhead\lib\win64.o\librdi_hmetis.dll
0x0000000057260000 - 0x0000000057271000 	C:\Windows\WinSxS\amd64_microsoft.vc90.openmp_1fc8b3b9a1e18e3b_9.0.30729.6161_none_390d35aa0a1f21f9\VCOMP90.DLL
0x0000000012870000 - 0x0000000012e5e000 	C:\Xilinx\14.6\ISE_DS\PlanAhead\lib\win64.o\librdi_route.dll
0x0000000011cb0000 - 0x0000000011eda000 	C:\Xilinx\14.6\ISE_DS\PlanAhead\lib\win64.o\librdi_labtools.dll
0x0000000012e60000 - 0x000000001339b000 	C:\Xilinx\14.6\ISE_DS\PlanAhead\lib\win64.o\librdi_memdata.dll
0x00000000133a0000 - 0x0000000014acf000 	C:\Xilinx\14.6\ISE_DS\PlanAhead\lib\win64.o\librdi_synth.dll
0x0000000014ad0000 - 0x0000000014f0e000 	C:\Xilinx\14.6\ISE_DS\PlanAhead\lib\win64.o\librdi_ip.dll
0x0000000011ee0000 - 0x0000000011f1d000 	C:\Xilinx\14.6\ISE_DS\PlanAhead\lib\win64.o\librdi_simbridge_kernel.dll
0x0000000014f10000 - 0x0000000015386000 	C:\Xilinx\14.6\ISE_DS\PlanAhead\lib\win64.o\librdi_wavedata.dll
0x0000000016590000 - 0x0000000018648000 	C:\Xilinx\14.6\ISE_DS\PlanAhead\lib\win64.o\librdi_tcltasks.dll
0x0000000018650000 - 0x00000000188c4000 	C:\Xilinx\14.6\ISE_DS\PlanAhead\lib\win64.o\librdi_bitstream.dll
0x00000000188d0000 - 0x00000000189a4000 	C:\Xilinx\14.6\ISE_DS\PlanAhead\lib\win64.o\librdi_dsp.dll
0x0000000011f60000 - 0x0000000011fce000 	C:\Xilinx\14.6\ISE_DS\PlanAhead\lib\win64.o\librdi_edk.dll
0x00000000189b0000 - 0x0000000018bbe000 	C:\Xilinx\14.6\ISE_DS\PlanAhead\lib\win64.o\librdi_simdata.dll
0x0000000018ed0000 - 0x0000000019026000 	C:\Xilinx\14.6\ISE_DS\PlanAhead\lib\win64.o\librdi_planaheadtasks.dll
0x0000000019040000 - 0x0000000019e88000 	C:\Xilinx\14.6\ISE_DS\PlanAhead\lib\win64.o\librdi_ipservicestasks.dll
0x0000000057250000 - 0x000000005725f000 	C:\Xilinx\14.6\ISE_DS\PlanAhead\tps\win64\jre\bin\verify.dll
0x0000000057220000 - 0x0000000057248000 	C:\Xilinx\14.6\ISE_DS\PlanAhead\tps\win64\jre\bin\java.dll
0x0000000057200000 - 0x0000000057215000 	C:\Xilinx\14.6\ISE_DS\PlanAhead\tps\win64\jre\bin\zip.dll
0x00000000571e0000 - 0x00000000571f9000 	C:\Xilinx\14.6\ISE_DS\PlanAhead\tps\win64\jre\bin\net.dll
0x000007fc07c40000 - 0x000007fc07c9c000 	C:\Windows\system32\mswsock.dll
0x00000000571c0000 - 0x00000000571d1000 	C:\Xilinx\14.6\ISE_DS\PlanAhead\tps\win64\jre\bin\nio.dll
0x0000000027f80000 - 0x0000000028266000 	C:\Xilinx\14.6\ISE_DS\PlanAhead\lib\win64.o\librdi_fed.dll
0x0000000028280000 - 0x00000000284e1000 	C:\Xilinx\14.6\ISE_DS\PlanAhead\lib\win64.o\librdi_guitools.dll
0x0000000028500000 - 0x0000000028507000 	C:\Xilinx\14.6\ISE_DS\PlanAhead\lib\win64.o\librdi_commonx11.dll
0x0000000028520000 - 0x000000002890e000 	C:\Xilinx\14.6\ISE_DS\PlanAhead\lib\win64.o\librdi_rsbtasks.dll
0x0000000028920000 - 0x0000000028b69000 	C:\Xilinx\14.6\ISE_DS\PlanAhead\lib\win64.o\librdi_labtoolstasks.dll
0x0000000028c80000 - 0x0000000028e38000 	C:\Xilinx\14.6\ISE_DS\PlanAhead\lib\win64.o\librdi_simtcltasks.dll
0x0000000057020000 - 0x00000000571b3000 	C:\Xilinx\14.6\ISE_DS\PlanAhead\tps\win64\jre\bin\awt.dll
0x000007fc089f0000 - 0x000007fc08ab3000 	C:\Windows\system32\OLEAUT32.dll
0x000007fc03a60000 - 0x000007fc03aff000 	C:\Windows\system32\apphelp.dll
0x000007fc070d0000 - 0x000007fc071b6000 	C:\Windows\system32\uxtheme.dll
0x000007fc06950000 - 0x000007fc06971000 	C:\Windows\SYSTEM32\dwmapi.dll
0x000007fc08230000 - 0x000007fc0823a000 	C:\Windows\SYSTEM32\CRYPTBASE.dll
0x000007fc081d0000 - 0x000007fc0822c000 	C:\Windows\SYSTEM32\bcryptPrimitives.dll
0x000007fc07ca0000 - 0x000007fc07cba000 	C:\Windows\SYSTEM32\CRYPTSP.dll
0x000007fc078d0000 - 0x000007fc0791b000 	C:\Windows\system32\rsaenh.dll
0x000007fc079d0000 - 0x000007fc079ef000 	C:\Windows\SYSTEM32\USERENV.dll
0x000007fc08310000 - 0x000007fc08325000 	C:\Windows\SYSTEM32\profapi.dll

VM Arguments:
jvm_args: -Dsun.java2d.pmoffscreen=false -Xverify:none -Dswing.aatext=true -XX:-UsePerfData -Djdk.map.althashing.threshold=512 -XX:PermSize=128m -XX:MaxPermSize=128m -XX:NewSize=60m -XX:MaxNewSize=60m -XX:+UseConcMarkSweepGC -XX:+UseParNewGC -XX:+CMSParallelRemarkEnabled -XX:+CMSScavengeBeforeRemark -XX:+UseNUMA -XX:+AggressiveOpts -XX:+UseFastAccessorMethods -XX:+UseFastEmptyMethods -XX:+UseBiasedLocking -XX:+TieredCompilation -Xms128m -Xmx2048m -Xss3m 
java_command: <unknown>
Launcher Type: generic

Environment Variables:
PATH=C:/Xilinx/14.6/ISE_DS/PlanAhead/bin;C:/Xilinx/14.6/ISE_DS/PlanAhead/lib/win64.o;C:/Xilinx/14.6/ISE_DS/PlanAhead/tps/win64/jre/bin/server;C:/Xilinx/14.6/ISE_DS/PlanAhead/tps/win64/jre/bin;C:/Xilinx/14.6/ISE_DS/EDK/bin/nt64;C:/Xilinx/14.6/ISE_DS/EDK/lib/nt64;C:/Xilinx/14.6/ISE_DS/ISE/bin/nt64;C:/Xilinx/14.6/ISE_DS/ISE/lib/nt64;C:/Xilinx/14.6/ISE_DS/common/bin/nt64;C:/Xilinx/14.6/ISE_DS/common/lib/nt64;C:\Xilinx\14.6\ISE_DS\ISE\\lib\nt;C:\Xilinx\14.6\ISE_DS\ISE\\bin\nt;C:\Xilinx\14.6\ISE_DS\ISE\bin\nt;C:\Xilinx\14.6\ISE_DS\ISE\lib\nt;C:\Xilinx\14.6\ISE_DS\ISE\..\..\..\DocNav;C:\Xilinx\14.6\ISE_DS\PlanAhead\bin;C:\Xilinx\14.6\ISE_DS\EDK\bin\nt;C:\Xilinx\14.6\ISE_DS\EDK\lib\nt;C:\Xilinx\14.6\ISE_DS\EDK\gnu\microblaze\nt\bin;C:\Xilinx\14.6\ISE_DS\EDK\gnu\powerpc-eabi\nt\bin;C:\Xilinx\14.6\ISE_DS\EDK\gnuwin\bin;C:\Xilinx\14.6\ISE_DS\EDK\gnu\arm\nt\bin;C:\Xilinx\14.6\ISE_DS\EDK\gnu\microblaze\linux_toolchain\nt_be\bin;C:\Xilinx\14.6\ISE_DS\EDK\gnu\microblaze\linux_toolchain\nt_le\bin;C:\Xilinx\14.6\ISE_DS\common\bin\nt;C:\Xilinx\14.6\ISE_DS\common\lib\nt;C:\Windows\system32;C:\Windows;C:\Windows\System32\Wbem;C:\Windows\System32\WindowsPowerShell\v1.0\;C:\Program Files (x86)\ATI Technologies\ATI.ACE\Core-Static;C:\Program Files\Microsoft\Web Platform Installer\;C:\Program Files (x86)\Windows Kits\8.1\Windows Performance Toolkit\;C:\Program Files\Microsoft SQL Server\110\Tools\Binn\
USERNAME=main-local
OS=Windows_NT
PROCESSOR_IDENTIFIER=Intel64 Family 6 Model 26 Stepping 5, GenuineIntel



---------------  S Y S T E M  ---------------

OS: Windows 8 , 64 bit Build 9200 

CPU:total 8 (4 cores per cpu, 2 threads per core) family 6 model 26 stepping 5, cmov, cx8, fxsr, mmx, sse, sse2, sse3, ssse3, sse4.1, sse4.2, popcnt, ht, tsc, tscinvbit, tscinv

Memory: 4k page, physical 25163856k(17293840k free), swap 25163856k(16358584k free)

vm_info: Java HotSpot(TM) 64-Bit Server VM (23.7-b01) for windows-amd64 JRE (1.7.0_17-b02), built on Mar  1 2013 03:38:30 by "java_re" with unknown MS VC++:1600

time: Mon Nov 04 00:29:19 2013
elapsed time: 2 seconds

