ISim log file
Running: C:\Users\main-local\Documents\GitHub\FPGA\cpu_instructor_copy_isim_beh.exe -intstyle ise -gui -tclbatch isim.cmd -wdb C:/Users/main-local/Documents/GitHub/FPGA/cpu_instructor_copy_isim_beh.wdb 
ISim P.68d (signature 0x7708f090)
WARNING: A WEBPACK license was found.
WARNING: Please use Xilinx License Configuration Manager to check out a full ISim license.
WARNING: ISim will run in Lite mode. Please refer to the ISim documentation for more information on the differences between the Lite and the Full version.
This is a Lite version of ISim.
Time resolution is 1 ps
# onerror resume
# wave add /
# run 1000 ns
Simulator is doing circuit initialization process.
Finished circuit initialization process.
# isim force add /cpu_instructor_copy/clk 1 -radix bin -value 0 -radix bin -time 500 ps -repeat 1 ns
# isim force add /cpu_instructor_copy/rst 0 -radix bin
# run 1.00us
# run 1.00us
# run 1.00us
# run 1.00us
# run 1.00us
# run 1.00us
# run 1.00us
# run 1.00us
# run 1.00us
# run 1.00us
# run 1.00us
# run 1.00us
# run 1.00us
# run 1.00us
# run 1.00us
# run 1.00us
# run 10.00us
# run 10.00us
# run 10.00us
# run 10.00us
# run 10.00us
# run 10.00us
# run 10.00us
# run 10.00us
# run 10.00us
# run 10.00us
# run 10.00us
# run 10.00us
# run 10.00us
# run 10.00us
# run 10.00us
# run 10.00us
# run 10.00us
# run 10.00us
# run 10.00us
# run 10.00us
# run 10.00us
# run all
Stopped at time : 13222873500 ps : File "C:/Users/main-local/Documents/GitHub/FPGA/cpu_instructor_copy.vhd" Line 687
ISim P.68d (signature 0x7708f090)
WARNING: A WEBPACK license was found.
WARNING: Please use Xilinx License Configuration Manager to check out a full ISim license.
WARNING: ISim will run in Lite mode. Please refer to the ISim documentation for more information on the differences between the Lite and the Full version.
This is a Lite version of ISim.
# run 1000 ns
Simulator is doing circuit initialization process.
Finished circuit initialization process.
# isim force add /cpu_instructor_copy/clk 1 -radix bin -value 0 -radix bin -time 500 ps -repeat 1 ns
# isim force add /cpu_instructor_copy/rst 0 -radix bin
# run 10.00us
at 1491 ns(2): Note: Block Memory Generator CORE Generator module is using a behavioral model FOR simulation which will not precisely model memory collision behavior. (/cpu_instructor_copy/cpu_memory/U0/native_mem_module/mem_module/).
# run 10.00us
# run 10.00us
# run 10.00us
# restart
# run 10.00us
Simulator is doing circuit initialization process.
Finished circuit initialization process.
# restart
# isim force add /cpu_instructor_copy/clk 1 -radix bin -value 0 -radix bin -time 500 ps -repeat 1 ns
# isim force add /cpu_instructor_copy/rst 0 -radix bin
# run 1ns
Simulator is doing circuit initialization process.
Finished circuit initialization process.
# run 1ns
# run 1ns
# run 1ns
# run 1ns
# run 1ns
# run 1ns
# run 1ns
# run 1ns
# run 1ns
# run 1ns
# run 1ns
# step
Stopped at time : 12500 ps : File "C:/Users/main-local/Documents/GitHub/FPGA/cpu_instructor_copy.vhd" Line 687
# step
Stopped at time : 13 ns : File "C:/Users/main-local/Documents/GitHub/FPGA/cpu_instructor_copy.vhd" Line 687
# step
Stopped at time : 13 ns : File "C:/Users/main-local/Documents/GitHub/FPGA/cpu_instructor_copy.vhd" Line 691
# step
Stopped at time : 13 ns : File "C:/Users/main-local/Documents/GitHub/FPGA/cpu_instructor_copy.vhd" Line 696
# step
Stopped at time : 13500 ps : File "C:/Users/main-local/Documents/GitHub/FPGA/cpu_instructor_copy.vhd" Line 687
# step
Stopped at time : 14 ns : File "C:/Users/main-local/Documents/GitHub/FPGA/cpu_instructor_copy.vhd" Line 687
# step
Stopped at time : 14 ns : File "C:/Users/main-local/Documents/GitHub/FPGA/cpu_instructor_copy.vhd" Line 691
# step
Stopped at time : 14 ns : File "C:/Users/main-local/Documents/GitHub/FPGA/cpu_instructor_copy.vhd" Line 696
# step
Stopped at time : 14500 ps : File "C:/Users/main-local/Documents/GitHub/FPGA/cpu_instructor_copy.vhd" Line 687
# step
Stopped at time : 15 ns : File "C:/Users/main-local/Documents/GitHub/FPGA/cpu_instructor_copy.vhd" Line 687
# step
Stopped at time : 15 ns : File "C:/Users/main-local/Documents/GitHub/FPGA/cpu_instructor_copy.vhd" Line 691
# step
Stopped at time : 15 ns : File "C:/Users/main-local/Documents/GitHub/FPGA/cpu_instructor_copy.vhd" Line 696
# step
Stopped at time : 15500 ps : File "C:/Users/main-local/Documents/GitHub/FPGA/cpu_instructor_copy.vhd" Line 687
# step
Stopped at time : 16 ns : File "C:/Users/main-local/Documents/GitHub/FPGA/cpu_instructor_copy.vhd" Line 687
# step
Stopped at time : 16 ns : File "C:/Users/main-local/Documents/GitHub/FPGA/cpu_instructor_copy.vhd" Line 691
# step
Stopped at time : 16 ns : File "C:/Users/main-local/Documents/GitHub/FPGA/cpu_instructor_copy.vhd" Line 696
# step
Stopped at time : 16500 ps : File "C:/Users/main-local/Documents/GitHub/FPGA/cpu_instructor_copy.vhd" Line 687
# step
Stopped at time : 17 ns : File "C:/Users/main-local/Documents/GitHub/FPGA/cpu_instructor_copy.vhd" Line 687
# step
Stopped at time : 17 ns : File "C:/Users/main-local/Documents/GitHub/FPGA/cpu_instructor_copy.vhd" Line 691
# step
Stopped at time : 17 ns : File "C:/Users/main-local/Documents/GitHub/FPGA/cpu_instructor_copy.vhd" Line 696
# step
Stopped at time : 17500 ps : File "C:/Users/main-local/Documents/GitHub/FPGA/cpu_instructor_copy.vhd" Line 687
# step
Stopped at time : 18 ns : File "C:/Users/main-local/Documents/GitHub/FPGA/cpu_instructor_copy.vhd" Line 687
# step
Stopped at time : 18 ns : File "C:/Users/main-local/Documents/GitHub/FPGA/cpu_instructor_copy.vhd" Line 691
# step
Stopped at time : 18 ns : File "C:/Users/main-local/Documents/GitHub/FPGA/cpu_instructor_copy.vhd" Line 696
# step
Stopped at time : 18500 ps : File "C:/Users/main-local/Documents/GitHub/FPGA/cpu_instructor_copy.vhd" Line 687
# step
Stopped at time : 19 ns : File "C:/Users/main-local/Documents/GitHub/FPGA/cpu_instructor_copy.vhd" Line 687
# step
Stopped at time : 19 ns : File "C:/Users/main-local/Documents/GitHub/FPGA/cpu_instructor_copy.vhd" Line 691
# step
Stopped at time : 19 ns : File "C:/Users/main-local/Documents/GitHub/FPGA/cpu_instructor_copy.vhd" Line 696
# step
Stopped at time : 19500 ps : File "C:/Users/main-local/Documents/GitHub/FPGA/cpu_instructor_copy.vhd" Line 687
# step
Stopped at time : 20 ns : File "C:/Users/main-local/Documents/GitHub/FPGA/cpu_instructor_copy.vhd" Line 687
# step
Stopped at time : 20 ns : File "C:/Users/main-local/Documents/GitHub/FPGA/cpu_instructor_copy.vhd" Line 691
# step
Stopped at time : 20 ns : File "C:/Users/main-local/Documents/GitHub/FPGA/cpu_instructor_copy.vhd" Line 696
# step
Stopped at time : 20500 ps : File "C:/Users/main-local/Documents/GitHub/FPGA/cpu_instructor_copy.vhd" Line 687
# step
Stopped at time : 21 ns : File "C:/Users/main-local/Documents/GitHub/FPGA/cpu_instructor_copy.vhd" Line 687
# step
Stopped at time : 21 ns : File "C:/Users/main-local/Documents/GitHub/FPGA/cpu_instructor_copy.vhd" Line 691
# step
Stopped at time : 21 ns : File "C:/Users/main-local/Documents/GitHub/FPGA/cpu_instructor_copy.vhd" Line 692
# step
Stopped at time : 21 ns : File "C:/Users/main-local/Documents/GitHub/FPGA/cpu_instructor_copy.vhd" Line 693
# step
Stopped at time : 21 ns : File "C:/Users/main-local/Documents/GitHub/FPGA/cpu_instructor_copy.vhd" Line 696
# step
Stopped at time : 21 ns : File "C:/Users/main-local/Documents/GitHub/FPGA/cpu_instructor_copy.vhd" Line 290
# step
Stopped at time : 21500 ps : File "C:/Users/main-local/Documents/GitHub/FPGA/cpu_instructor_copy.vhd" Line 687
# step
Stopped at time : 22 ns : File "C:/Users/main-local/Documents/GitHub/FPGA/cpu_instructor_copy.vhd" Line 687
# step
Stopped at time : 22 ns : File "C:/Users/main-local/Documents/GitHub/FPGA/cpu_instructor_copy.vhd" Line 691
# step
Stopped at time : 22 ns : File "C:/Users/main-local/Documents/GitHub/FPGA/cpu_instructor_copy.vhd" Line 696
# step
Stopped at time : 22500 ps : File "C:/Users/main-local/Documents/GitHub/FPGA/cpu_instructor_copy.vhd" Line 687
# step
Stopped at time : 23 ns : File "C:/Users/main-local/Documents/GitHub/FPGA/cpu_instructor_copy.vhd" Line 687
# step
Stopped at time : 23 ns : File "C:/Users/main-local/Documents/GitHub/FPGA/cpu_instructor_copy.vhd" Line 691
# step
Stopped at time : 23 ns : File "C:/Users/main-local/Documents/GitHub/FPGA/cpu_instructor_copy.vhd" Line 696
# step
Stopped at time : 23500 ps : File "C:/Users/main-local/Documents/GitHub/FPGA/cpu_instructor_copy.vhd" Line 687
# step
Stopped at time : 24 ns : File "C:/Users/main-local/Documents/GitHub/FPGA/cpu_instructor_copy.vhd" Line 687
# step
Stopped at time : 24 ns : File "C:/Users/main-local/Documents/GitHub/FPGA/cpu_instructor_copy.vhd" Line 691
# step
Stopped at time : 24 ns : File "C:/Users/main-local/Documents/GitHub/FPGA/cpu_instructor_copy.vhd" Line 696
# step
Stopped at time : 24500 ps : File "C:/Users/main-local/Documents/GitHub/FPGA/cpu_instructor_copy.vhd" Line 687
# step
Stopped at time : 25 ns : File "C:/Users/main-local/Documents/GitHub/FPGA/cpu_instructor_copy.vhd" Line 687
# step
Stopped at time : 25 ns : File "C:/Users/main-local/Documents/GitHub/FPGA/cpu_instructor_copy.vhd" Line 691
# step
Stopped at time : 25 ns : File "C:/Users/main-local/Documents/GitHub/FPGA/cpu_instructor_copy.vhd" Line 696
# step
Stopped at time : 25500 ps : File "C:/Users/main-local/Documents/GitHub/FPGA/cpu_instructor_copy.vhd" Line 687
# step
Stopped at time : 26 ns : File "C:/Users/main-local/Documents/GitHub/FPGA/cpu_instructor_copy.vhd" Line 687
# step
Stopped at time : 26 ns : File "C:/Users/main-local/Documents/GitHub/FPGA/cpu_instructor_copy.vhd" Line 691
# step
Stopped at time : 26 ns : File "C:/Users/main-local/Documents/GitHub/FPGA/cpu_instructor_copy.vhd" Line 696
# step
Stopped at time : 26500 ps : File "C:/Users/main-local/Documents/GitHub/FPGA/cpu_instructor_copy.vhd" Line 687
# step
Stopped at time : 27 ns : File "C:/Users/main-local/Documents/GitHub/FPGA/cpu_instructor_copy.vhd" Line 687
# step
Stopped at time : 27 ns : File "C:/Users/main-local/Documents/GitHub/FPGA/cpu_instructor_copy.vhd" Line 691
# step
Stopped at time : 27 ns : File "C:/Users/main-local/Documents/GitHub/FPGA/cpu_instructor_copy.vhd" Line 696
# step
Stopped at time : 27500 ps : File "C:/Users/main-local/Documents/GitHub/FPGA/cpu_instructor_copy.vhd" Line 687
# step
Stopped at time : 28 ns : File "C:/Users/main-local/Documents/GitHub/FPGA/cpu_instructor_copy.vhd" Line 687
# step
Stopped at time : 28 ns : File "C:/Users/main-local/Documents/GitHub/FPGA/cpu_instructor_copy.vhd" Line 691
# step
Stopped at time : 28 ns : File "C:/Users/main-local/Documents/GitHub/FPGA/cpu_instructor_copy.vhd" Line 696
# step
Stopped at time : 28500 ps : File "C:/Users/main-local/Documents/GitHub/FPGA/cpu_instructor_copy.vhd" Line 687
# step
Stopped at time : 29 ns : File "C:/Users/main-local/Documents/GitHub/FPGA/cpu_instructor_copy.vhd" Line 687
# step
Stopped at time : 29 ns : File "C:/Users/main-local/Documents/GitHub/FPGA/cpu_instructor_copy.vhd" Line 691
# step
Stopped at time : 29 ns : File "C:/Users/main-local/Documents/GitHub/FPGA/cpu_instructor_copy.vhd" Line 696
# step
Stopped at time : 29500 ps : File "C:/Users/main-local/Documents/GitHub/FPGA/cpu_instructor_copy.vhd" Line 687
# step
Stopped at time : 30 ns : File "C:/Users/main-local/Documents/GitHub/FPGA/cpu_instructor_copy.vhd" Line 687
# step
Stopped at time : 30 ns : File "C:/Users/main-local/Documents/GitHub/FPGA/cpu_instructor_copy.vhd" Line 691
# step
Stopped at time : 30 ns : File "C:/Users/main-local/Documents/GitHub/FPGA/cpu_instructor_copy.vhd" Line 696
# step
Stopped at time : 30500 ps : File "C:/Users/main-local/Documents/GitHub/FPGA/cpu_instructor_copy.vhd" Line 687
# step
Stopped at time : 31 ns : File "C:/Users/main-local/Documents/GitHub/FPGA/cpu_instructor_copy.vhd" Line 687
# step
Stopped at time : 31 ns : File "C:/Users/main-local/Documents/GitHub/FPGA/cpu_instructor_copy.vhd" Line 691
# step
Stopped at time : 31 ns : File "C:/Users/main-local/Documents/GitHub/FPGA/cpu_instructor_copy.vhd" Line 692
# step
Stopped at time : 31 ns : File "C:/Users/main-local/Documents/GitHub/FPGA/cpu_instructor_copy.vhd" Line 693
# step
Stopped at time : 31 ns : File "C:/Users/main-local/Documents/GitHub/FPGA/cpu_instructor_copy.vhd" Line 696
# step
Stopped at time : 31 ns : File "C:/Users/main-local/Documents/GitHub/FPGA/cpu_instructor_copy.vhd" Line 290
# step
Stopped at time : 31 ns : File "C:/Users/main-local/Documents/GitHub/FPGA/cpu_instructor_copy.vhd" Line 311
# step
Stopped at time : 31 ns : File "C:/Users/main-local/Documents/GitHub/FPGA/cpu_instructor_copy.vhd" Line 312
# step
Stopped at time : 31 ns : File "C:/Users/main-local/Documents/GitHub/FPGA/cpu_instructor_copy.vhd" Line 313
# step
Stopped at time : 31 ns : File "C:/Users/main-local/Documents/GitHub/FPGA/cpu_instructor_copy.vhd" Line 314
# step
Stopped at time : 31 ns : File "C:/Users/main-local/Documents/GitHub/FPGA/cpu_instructor_copy.vhd" Line 317
# step
Stopped at time : 31 ns : File "C:/Users/main-local/Documents/GitHub/FPGA/cpu_instructor_copy.vhd" Line 655
# step
Stopped at time : 31 ns : File "C:/Users/main-local/Documents/GitHub/FPGA/cpu_instructor_copy.vhd" Line 656
# step
Stopped at time : 31 ns : File "C:/Users/main-local/Documents/GitHub/FPGA/cpu_instructor_copy.vhd" Line 657
# step
Stopped at time : 31 ns : File "C:/Users/main-local/Documents/GitHub/FPGA/cpu_instructor_copy.vhd" Line 658
# step
Stopped at time : 31 ns : File "C:/Users/main-local/Documents/GitHub/FPGA/cpu_instructor_copy.vhd" Line 676
# step
Stopped at time : 31 ns : File "C:/Users/main-local/Documents/GitHub/FPGA/ipcore_dir/divider.vhd" Line 271
# step
Stopped at time : 31 ns : File "C:/Users/main-local/Documents/GitHub/FPGA/ipcore_dir/divider.vhd" Line 293
# step
Stopped at time : 31500 ps : File "C:/Users/main-local/Documents/GitHub/FPGA/cpu_instructor_copy.vhd" Line 687
# step
Stopped at time : 32 ns : File "C:/Users/main-local/Documents/GitHub/FPGA/cpu_instructor_copy.vhd" Line 687
# step
Stopped at time : 32 ns : File "C:/Users/main-local/Documents/GitHub/FPGA/cpu_instructor_copy.vhd" Line 691
# step
Stopped at time : 32 ns : File "C:/Users/main-local/Documents/GitHub/FPGA/cpu_instructor_copy.vhd" Line 696
# step
Stopped at time : 32500 ps : File "C:/Users/main-local/Documents/GitHub/FPGA/cpu_instructor_copy.vhd" Line 687
# step
Stopped at time : 33 ns : File "C:/Users/main-local/Documents/GitHub/FPGA/cpu_instructor_copy.vhd" Line 687
# step
Stopped at time : 33 ns : File "C:/Users/main-local/Documents/GitHub/FPGA/cpu_instructor_copy.vhd" Line 691
# step
Stopped at time : 33 ns : File "C:/Users/main-local/Documents/GitHub/FPGA/cpu_instructor_copy.vhd" Line 696
# step
Stopped at time : 33500 ps : File "C:/Users/main-local/Documents/GitHub/FPGA/cpu_instructor_copy.vhd" Line 687
# step
Stopped at time : 34 ns : File "C:/Users/main-local/Documents/GitHub/FPGA/cpu_instructor_copy.vhd" Line 687
# step
Stopped at time : 34 ns : File "C:/Users/main-local/Documents/GitHub/FPGA/cpu_instructor_copy.vhd" Line 691
# step
Stopped at time : 34 ns : File "C:/Users/main-local/Documents/GitHub/FPGA/cpu_instructor_copy.vhd" Line 696
# step
Stopped at time : 34500 ps : File "C:/Users/main-local/Documents/GitHub/FPGA/cpu_instructor_copy.vhd" Line 687
# step
Stopped at time : 35 ns : File "C:/Users/main-local/Documents/GitHub/FPGA/cpu_instructor_copy.vhd" Line 687
# step
Stopped at time : 35 ns : File "C:/Users/main-local/Documents/GitHub/FPGA/cpu_instructor_copy.vhd" Line 691
# step
Stopped at time : 35 ns : File "C:/Users/main-local/Documents/GitHub/FPGA/cpu_instructor_copy.vhd" Line 696
# step
Stopped at time : 35500 ps : File "C:/Users/main-local/Documents/GitHub/FPGA/cpu_instructor_copy.vhd" Line 687
# step
Stopped at time : 36 ns : File "C:/Users/main-local/Documents/GitHub/FPGA/cpu_instructor_copy.vhd" Line 687
# step
Stopped at time : 36 ns : File "C:/Users/main-local/Documents/GitHub/FPGA/cpu_instructor_copy.vhd" Line 691
# step
Stopped at time : 36 ns : File "C:/Users/main-local/Documents/GitHub/FPGA/cpu_instructor_copy.vhd" Line 696
# step
Stopped at time : 36500 ps : File "C:/Users/main-local/Documents/GitHub/FPGA/cpu_instructor_copy.vhd" Line 687
# step
Stopped at time : 37 ns : File "C:/Users/main-local/Documents/GitHub/FPGA/cpu_instructor_copy.vhd" Line 687
# step
Stopped at time : 37 ns : File "C:/Users/main-local/Documents/GitHub/FPGA/cpu_instructor_copy.vhd" Line 691
# step
Stopped at time : 37 ns : File "C:/Users/main-local/Documents/GitHub/FPGA/cpu_instructor_copy.vhd" Line 696
# step
Stopped at time : 37500 ps : File "C:/Users/main-local/Documents/GitHub/FPGA/cpu_instructor_copy.vhd" Line 687
# step
Stopped at time : 38 ns : File "C:/Users/main-local/Documents/GitHub/FPGA/cpu_instructor_copy.vhd" Line 687
# step
Stopped at time : 38 ns : File "C:/Users/main-local/Documents/GitHub/FPGA/cpu_instructor_copy.vhd" Line 691
# step
Stopped at time : 38 ns : File "C:/Users/main-local/Documents/GitHub/FPGA/cpu_instructor_copy.vhd" Line 696
# step
Stopped at time : 38500 ps : File "C:/Users/main-local/Documents/GitHub/FPGA/cpu_instructor_copy.vhd" Line 687
# step
Stopped at time : 39 ns : File "C:/Users/main-local/Documents/GitHub/FPGA/cpu_instructor_copy.vhd" Line 687
# step
Stopped at time : 39 ns : File "C:/Users/main-local/Documents/GitHub/FPGA/cpu_instructor_copy.vhd" Line 691
# step
Stopped at time : 39 ns : File "C:/Users/main-local/Documents/GitHub/FPGA/cpu_instructor_copy.vhd" Line 696
# step
Stopped at time : 39500 ps : File "C:/Users/main-local/Documents/GitHub/FPGA/cpu_instructor_copy.vhd" Line 687
# step
Stopped at time : 40 ns : File "C:/Users/main-local/Documents/GitHub/FPGA/cpu_instructor_copy.vhd" Line 687
# step
Stopped at time : 40 ns : File "C:/Users/main-local/Documents/GitHub/FPGA/cpu_instructor_copy.vhd" Line 691
# step
Stopped at time : 40 ns : File "C:/Users/main-local/Documents/GitHub/FPGA/cpu_instructor_copy.vhd" Line 696
# step
Stopped at time : 40500 ps : File "C:/Users/main-local/Documents/GitHub/FPGA/cpu_instructor_copy.vhd" Line 687
# step
Stopped at time : 41 ns : File "C:/Users/main-local/Documents/GitHub/FPGA/cpu_instructor_copy.vhd" Line 687
# step
Stopped at time : 41 ns : File "C:/Users/main-local/Documents/GitHub/FPGA/cpu_instructor_copy.vhd" Line 691
# step
Stopped at time : 41 ns : File "C:/Users/main-local/Documents/GitHub/FPGA/cpu_instructor_copy.vhd" Line 692
# step
Stopped at time : 41 ns : File "C:/Users/main-local/Documents/GitHub/FPGA/cpu_instructor_copy.vhd" Line 693
# step
Stopped at time : 41 ns : File "C:/Users/main-local/Documents/GitHub/FPGA/cpu_instructor_copy.vhd" Line 696
# step
Stopped at time : 41 ns : File "C:/Users/main-local/Documents/GitHub/FPGA/cpu_instructor_copy.vhd" Line 290
# step
Stopped at time : 41500 ps : File "C:/Users/main-local/Documents/GitHub/FPGA/cpu_instructor_copy.vhd" Line 687
# step
Stopped at time : 42 ns : File "C:/Users/main-local/Documents/GitHub/FPGA/cpu_instructor_copy.vhd" Line 687
# step
Stopped at time : 42 ns : File "C:/Users/main-local/Documents/GitHub/FPGA/cpu_instructor_copy.vhd" Line 691
# step
Stopped at time : 42 ns : File "C:/Users/main-local/Documents/GitHub/FPGA/cpu_instructor_copy.vhd" Line 696
# step
Stopped at time : 42500 ps : File "C:/Users/main-local/Documents/GitHub/FPGA/cpu_instructor_copy.vhd" Line 687
# step
Stopped at time : 43 ns : File "C:/Users/main-local/Documents/GitHub/FPGA/cpu_instructor_copy.vhd" Line 687
# step
Stopped at time : 43 ns : File "C:/Users/main-local/Documents/GitHub/FPGA/cpu_instructor_copy.vhd" Line 691
# step
Stopped at time : 43 ns : File "C:/Users/main-local/Documents/GitHub/FPGA/cpu_instructor_copy.vhd" Line 696
# step
Stopped at time : 43500 ps : File "C:/Users/main-local/Documents/GitHub/FPGA/cpu_instructor_copy.vhd" Line 687
# step
Stopped at time : 44 ns : File "C:/Users/main-local/Documents/GitHub/FPGA/cpu_instructor_copy.vhd" Line 687
# step
Stopped at time : 44 ns : File "C:/Users/main-local/Documents/GitHub/FPGA/cpu_instructor_copy.vhd" Line 691
# step
Stopped at time : 44 ns : File "C:/Users/main-local/Documents/GitHub/FPGA/cpu_instructor_copy.vhd" Line 696
# step
Stopped at time : 44500 ps : File "C:/Users/main-local/Documents/GitHub/FPGA/cpu_instructor_copy.vhd" Line 687
# step
Stopped at time : 45 ns : File "C:/Users/main-local/Documents/GitHub/FPGA/cpu_instructor_copy.vhd" Line 687
# step
Stopped at time : 45 ns : File "C:/Users/main-local/Documents/GitHub/FPGA/cpu_instructor_copy.vhd" Line 691
# step
Stopped at time : 45 ns : File "C:/Users/main-local/Documents/GitHub/FPGA/cpu_instructor_copy.vhd" Line 696
# step
Stopped at time : 45500 ps : File "C:/Users/main-local/Documents/GitHub/FPGA/cpu_instructor_copy.vhd" Line 687
# step
Stopped at time : 46 ns : File "C:/Users/main-local/Documents/GitHub/FPGA/cpu_instructor_copy.vhd" Line 687
# step
Stopped at time : 46 ns : File "C:/Users/main-local/Documents/GitHub/FPGA/cpu_instructor_copy.vhd" Line 691
# step
Stopped at time : 46 ns : File "C:/Users/main-local/Documents/GitHub/FPGA/cpu_instructor_copy.vhd" Line 696
# step
Stopped at time : 46500 ps : File "C:/Users/main-local/Documents/GitHub/FPGA/cpu_instructor_copy.vhd" Line 687
# step
Stopped at time : 47 ns : File "C:/Users/main-local/Documents/GitHub/FPGA/cpu_instructor_copy.vhd" Line 687
# step
Stopped at time : 47 ns : File "C:/Users/main-local/Documents/GitHub/FPGA/cpu_instructor_copy.vhd" Line 691
# step
Stopped at time : 47 ns : File "C:/Users/main-local/Documents/GitHub/FPGA/cpu_instructor_copy.vhd" Line 696
# step
Stopped at time : 47500 ps : File "C:/Users/main-local/Documents/GitHub/FPGA/cpu_instructor_copy.vhd" Line 687
# step
Stopped at time : 48 ns : File "C:/Users/main-local/Documents/GitHub/FPGA/cpu_instructor_copy.vhd" Line 687
# step
Stopped at time : 48 ns : File "C:/Users/main-local/Documents/GitHub/FPGA/cpu_instructor_copy.vhd" Line 691
# step
Stopped at time : 48 ns : File "C:/Users/main-local/Documents/GitHub/FPGA/cpu_instructor_copy.vhd" Line 696
# step
Stopped at time : 48500 ps : File "C:/Users/main-local/Documents/GitHub/FPGA/cpu_instructor_copy.vhd" Line 687
# step
Stopped at time : 49 ns : File "C:/Users/main-local/Documents/GitHub/FPGA/cpu_instructor_copy.vhd" Line 687
# step
Stopped at time : 49 ns : File "C:/Users/main-local/Documents/GitHub/FPGA/cpu_instructor_copy.vhd" Line 691
# step
Stopped at time : 49 ns : File "C:/Users/main-local/Documents/GitHub/FPGA/cpu_instructor_copy.vhd" Line 696
# step
Stopped at time : 49500 ps : File "C:/Users/main-local/Documents/GitHub/FPGA/cpu_instructor_copy.vhd" Line 687
# step
Stopped at time : 50 ns : File "C:/Users/main-local/Documents/GitHub/FPGA/cpu_instructor_copy.vhd" Line 687
# step
Stopped at time : 50 ns : File "C:/Users/main-local/Documents/GitHub/FPGA/cpu_instructor_copy.vhd" Line 691
# step
Stopped at time : 50 ns : File "C:/Users/main-local/Documents/GitHub/FPGA/cpu_instructor_copy.vhd" Line 696
# step
Stopped at time : 50500 ps : File "C:/Users/main-local/Documents/GitHub/FPGA/cpu_instructor_copy.vhd" Line 687
# step
Stopped at time : 51 ns : File "C:/Users/main-local/Documents/GitHub/FPGA/cpu_instructor_copy.vhd" Line 687
# step
Stopped at time : 51 ns : File "C:/Users/main-local/Documents/GitHub/FPGA/cpu_instructor_copy.vhd" Line 691
# step
Stopped at time : 51 ns : File "C:/Users/main-local/Documents/GitHub/FPGA/cpu_instructor_copy.vhd" Line 692
# step
Stopped at time : 51 ns : File "C:/Users/main-local/Documents/GitHub/FPGA/cpu_instructor_copy.vhd" Line 693
# step
Stopped at time : 51 ns : File "C:/Users/main-local/Documents/GitHub/FPGA/cpu_instructor_copy.vhd" Line 696
# step
Stopped at time : 51 ns : File "C:/Users/main-local/Documents/GitHub/FPGA/cpu_instructor_copy.vhd" Line 290
# step
Stopped at time : 51 ns : File "C:/Users/main-local/Documents/GitHub/FPGA/cpu_instructor_copy.vhd" Line 311
# step
Stopped at time : 51 ns : File "C:/Users/main-local/Documents/GitHub/FPGA/cpu_instructor_copy.vhd" Line 312
# step
Stopped at time : 51 ns : File "C:/Users/main-local/Documents/GitHub/FPGA/cpu_instructor_copy.vhd" Line 317
# step
Stopped at time : 51 ns : File "C:/Users/main-local/Documents/GitHub/FPGA/cpu_instructor_copy.vhd" Line 655
# step
Stopped at time : 51 ns : File "C:/Users/main-local/Documents/GitHub/FPGA/cpu_instructor_copy.vhd" Line 660
# step
Stopped at time : 51 ns : File "C:/Users/main-local/Documents/GitHub/FPGA/cpu_instructor_copy.vhd" Line 661
# step
Stopped at time : 51 ns : File "C:/Users/main-local/Documents/GitHub/FPGA/cpu_instructor_copy.vhd" Line 676
# step
Stopped at time : 51500 ps : File "C:/Users/main-local/Documents/GitHub/FPGA/cpu_instructor_copy.vhd" Line 687
# run 1ns
# run 1ns
# run 1ns
# run 1ns
# run 1ns
# run 1ns
# run 1ns
# run 1ns
# run 1ns
# run 1ns
# run 1ns
# run 1ns
# run 1ns
# run 1ns
# run 1ns
# run 1ns
# run 1ns
# run 1ns
# run 1ns
# run 1ns
# run 1ns
# run 1ns
# run 1ns
# run 1ns
# run 1ns
# run 1ns
# run 1ns
# run 1ns
# run 1ns
# run 1ns
# run 1ns
# run 1ns
# run 1ns
# run 1ns
# run 1ns
# run 1ns
# run 1ns
# run 1ns
# run 1ns
# run 1ns
# run 1ns
# run 1ns
# run 1ns
# run 1ns
# run 1ns
# run 1ns
# run 1ns
# run 1ns
# run 1ns
# run 1ns
# run 1ns
# run 1ns
# run 1ns
# run 1ns
# run 1ns
# run 1ns
# run 1ns
# run 1ns
# run 1ns
# run 1ns
# run 1ns
# run 1ns
# run 1ns
# run 1ns
# run 1ns
# run 1ns
# run 1ns
# run 1ns
# run 1ns
# run 1ns
# run 1ns
# run 1ns
# run 1ns
# run 1ns
# run 1ns
# run 1ns
# run 1ns
# run 1ns
# run 1ns
# run 1ns
# run 1ns
# run 1ns
# run 1ns
# run 1ns
# run 1ns
# run 1ns
# run 1ns
# run 1ns
# run 1ns
# run 1ns
# run 1ns
# run 1ns
# run 1ns
# run 1ns
# run 1ns
# run 1ns
# run 1ns
# run 1ns
# run 1ns
# run 1ns
# run 10ns
# run 10ns
# run 10ns
# run 10ns
# run 10ns
# run 10ns
# run 10ns
# run 10ns
# run 1ns
# run 1ns
# run 1ns
# run 1ns
# run 1ns
# run 1ns
# run 1ns
# run 1ns
# run 1ns
# run 1ns
# run 10ns
# run 10ns
# run 10ns
# run 10ns
# run 10ns
# run 10ns
# run 10ns
# run 10ns
# run 10ns
# run 10ns
# run 10ns
# run 10ns
# run 10ns
# run 10ns
# run 10ns
# run 10ns
# run 10ns
# step
Stopped at time : 412 ns : File "C:/Users/main-local/Documents/GitHub/FPGA/cpu_instructor_copy.vhd" Line 687
# step
Stopped at time : 412 ns : File "C:/Users/main-local/Documents/GitHub/FPGA/cpu_instructor_copy.vhd" Line 691
# step
Stopped at time : 412 ns : File "C:/Users/main-local/Documents/GitHub/FPGA/cpu_instructor_copy.vhd" Line 696
# step
Stopped at time : 412500 ps : File "C:/Users/main-local/Documents/GitHub/FPGA/cpu_instructor_copy.vhd" Line 687
# step
Stopped at time : 413 ns : File "C:/Users/main-local/Documents/GitHub/FPGA/cpu_instructor_copy.vhd" Line 687
# step
Stopped at time : 413 ns : File "C:/Users/main-local/Documents/GitHub/FPGA/cpu_instructor_copy.vhd" Line 691
# step
Stopped at time : 413 ns : File "C:/Users/main-local/Documents/GitHub/FPGA/cpu_instructor_copy.vhd" Line 696
# step
Stopped at time : 413500 ps : File "C:/Users/main-local/Documents/GitHub/FPGA/cpu_instructor_copy.vhd" Line 687
# step
Stopped at time : 414 ns : File "C:/Users/main-local/Documents/GitHub/FPGA/cpu_instructor_copy.vhd" Line 687
# step
Stopped at time : 414 ns : File "C:/Users/main-local/Documents/GitHub/FPGA/cpu_instructor_copy.vhd" Line 691
# step
Stopped at time : 414 ns : File "C:/Users/main-local/Documents/GitHub/FPGA/cpu_instructor_copy.vhd" Line 696
# step
Stopped at time : 414500 ps : File "C:/Users/main-local/Documents/GitHub/FPGA/cpu_instructor_copy.vhd" Line 687
# step
Stopped at time : 415 ns : File "C:/Users/main-local/Documents/GitHub/FPGA/cpu_instructor_copy.vhd" Line 687
# step
Stopped at time : 415 ns : File "C:/Users/main-local/Documents/GitHub/FPGA/cpu_instructor_copy.vhd" Line 691
# step
Stopped at time : 415 ns : File "C:/Users/main-local/Documents/GitHub/FPGA/cpu_instructor_copy.vhd" Line 696
# step
Stopped at time : 415500 ps : File "C:/Users/main-local/Documents/GitHub/FPGA/cpu_instructor_copy.vhd" Line 687
# step
Stopped at time : 416 ns : File "C:/Users/main-local/Documents/GitHub/FPGA/cpu_instructor_copy.vhd" Line 687
# step
Stopped at time : 416 ns : File "C:/Users/main-local/Documents/GitHub/FPGA/cpu_instructor_copy.vhd" Line 691
# step
Stopped at time : 416 ns : File "C:/Users/main-local/Documents/GitHub/FPGA/cpu_instructor_copy.vhd" Line 696
# step
Stopped at time : 416500 ps : File "C:/Users/main-local/Documents/GitHub/FPGA/cpu_instructor_copy.vhd" Line 687
# step
Stopped at time : 417 ns : File "C:/Users/main-local/Documents/GitHub/FPGA/cpu_instructor_copy.vhd" Line 687
# step
Stopped at time : 417 ns : File "C:/Users/main-local/Documents/GitHub/FPGA/cpu_instructor_copy.vhd" Line 691
# step
Stopped at time : 417 ns : File "C:/Users/main-local/Documents/GitHub/FPGA/cpu_instructor_copy.vhd" Line 696
# step
Stopped at time : 417500 ps : File "C:/Users/main-local/Documents/GitHub/FPGA/cpu_instructor_copy.vhd" Line 687
# step
Stopped at time : 418 ns : File "C:/Users/main-local/Documents/GitHub/FPGA/cpu_instructor_copy.vhd" Line 687
# step
Stopped at time : 418 ns : File "C:/Users/main-local/Documents/GitHub/FPGA/cpu_instructor_copy.vhd" Line 691
# step
Stopped at time : 418 ns : File "C:/Users/main-local/Documents/GitHub/FPGA/cpu_instructor_copy.vhd" Line 696
# step
Stopped at time : 418500 ps : File "C:/Users/main-local/Documents/GitHub/FPGA/cpu_instructor_copy.vhd" Line 687
# step
Stopped at time : 419 ns : File "C:/Users/main-local/Documents/GitHub/FPGA/cpu_instructor_copy.vhd" Line 687
# step
Stopped at time : 419 ns : File "C:/Users/main-local/Documents/GitHub/FPGA/cpu_instructor_copy.vhd" Line 691
# step
Stopped at time : 419 ns : File "C:/Users/main-local/Documents/GitHub/FPGA/cpu_instructor_copy.vhd" Line 696
# step
Stopped at time : 419500 ps : File "C:/Users/main-local/Documents/GitHub/FPGA/cpu_instructor_copy.vhd" Line 687
# step
Stopped at time : 420 ns : File "C:/Users/main-local/Documents/GitHub/FPGA/cpu_instructor_copy.vhd" Line 687
# step
Stopped at time : 420 ns : File "C:/Users/main-local/Documents/GitHub/FPGA/cpu_instructor_copy.vhd" Line 691
# step
Stopped at time : 420 ns : File "C:/Users/main-local/Documents/GitHub/FPGA/cpu_instructor_copy.vhd" Line 696
# step
Stopped at time : 420500 ps : File "C:/Users/main-local/Documents/GitHub/FPGA/cpu_instructor_copy.vhd" Line 687
# step
Stopped at time : 421 ns : File "C:/Users/main-local/Documents/GitHub/FPGA/cpu_instructor_copy.vhd" Line 687
# step
Stopped at time : 421 ns : File "C:/Users/main-local/Documents/GitHub/FPGA/cpu_instructor_copy.vhd" Line 691
# step
Stopped at time : 421 ns : File "C:/Users/main-local/Documents/GitHub/FPGA/cpu_instructor_copy.vhd" Line 692
# step
Stopped at time : 421 ns : File "C:/Users/main-local/Documents/GitHub/FPGA/cpu_instructor_copy.vhd" Line 693
# step
Stopped at time : 421 ns : File "C:/Users/main-local/Documents/GitHub/FPGA/cpu_instructor_copy.vhd" Line 696
# step
Stopped at time : 421 ns : File "C:/Users/main-local/Documents/GitHub/FPGA/cpu_instructor_copy.vhd" Line 290
# step
Stopped at time : 421500 ps : File "C:/Users/main-local/Documents/GitHub/FPGA/cpu_instructor_copy.vhd" Line 687
# step
Stopped at time : 422 ns : File "C:/Users/main-local/Documents/GitHub/FPGA/cpu_instructor_copy.vhd" Line 687
# step
Stopped at time : 422 ns : File "C:/Users/main-local/Documents/GitHub/FPGA/cpu_instructor_copy.vhd" Line 691
# step
Stopped at time : 422 ns : File "C:/Users/main-local/Documents/GitHub/FPGA/cpu_instructor_copy.vhd" Line 696
# step
Stopped at time : 422500 ps : File "C:/Users/main-local/Documents/GitHub/FPGA/cpu_instructor_copy.vhd" Line 687
# step
Stopped at time : 423 ns : File "C:/Users/main-local/Documents/GitHub/FPGA/cpu_instructor_copy.vhd" Line 687
# step
Stopped at time : 423 ns : File "C:/Users/main-local/Documents/GitHub/FPGA/cpu_instructor_copy.vhd" Line 691
# step
Stopped at time : 423 ns : File "C:/Users/main-local/Documents/GitHub/FPGA/cpu_instructor_copy.vhd" Line 696
# step
Stopped at time : 423500 ps : File "C:/Users/main-local/Documents/GitHub/FPGA/cpu_instructor_copy.vhd" Line 687
# step
Stopped at time : 424 ns : File "C:/Users/main-local/Documents/GitHub/FPGA/cpu_instructor_copy.vhd" Line 687
# step
Stopped at time : 424 ns : File "C:/Users/main-local/Documents/GitHub/FPGA/cpu_instructor_copy.vhd" Line 691
# step
Stopped at time : 424 ns : File "C:/Users/main-local/Documents/GitHub/FPGA/cpu_instructor_copy.vhd" Line 696
# step
Stopped at time : 424500 ps : File "C:/Users/main-local/Documents/GitHub/FPGA/cpu_instructor_copy.vhd" Line 687
# step
Stopped at time : 425 ns : File "C:/Users/main-local/Documents/GitHub/FPGA/cpu_instructor_copy.vhd" Line 687
# step
Stopped at time : 425 ns : File "C:/Users/main-local/Documents/GitHub/FPGA/cpu_instructor_copy.vhd" Line 691
# step
Stopped at time : 425 ns : File "C:/Users/main-local/Documents/GitHub/FPGA/cpu_instructor_copy.vhd" Line 696
# step
Stopped at time : 425500 ps : File "C:/Users/main-local/Documents/GitHub/FPGA/cpu_instructor_copy.vhd" Line 687
# step
Stopped at time : 426 ns : File "C:/Users/main-local/Documents/GitHub/FPGA/cpu_instructor_copy.vhd" Line 687
# step
Stopped at time : 426 ns : File "C:/Users/main-local/Documents/GitHub/FPGA/cpu_instructor_copy.vhd" Line 691
# step
Stopped at time : 426 ns : File "C:/Users/main-local/Documents/GitHub/FPGA/cpu_instructor_copy.vhd" Line 696
# step
Stopped at time : 426500 ps : File "C:/Users/main-local/Documents/GitHub/FPGA/cpu_instructor_copy.vhd" Line 687
# step
Stopped at time : 427 ns : File "C:/Users/main-local/Documents/GitHub/FPGA/cpu_instructor_copy.vhd" Line 687
# step
Stopped at time : 427 ns : File "C:/Users/main-local/Documents/GitHub/FPGA/cpu_instructor_copy.vhd" Line 691
# step
Stopped at time : 427 ns : File "C:/Users/main-local/Documents/GitHub/FPGA/cpu_instructor_copy.vhd" Line 696
# step
Stopped at time : 427500 ps : File "C:/Users/main-local/Documents/GitHub/FPGA/cpu_instructor_copy.vhd" Line 687
# step
Stopped at time : 428 ns : File "C:/Users/main-local/Documents/GitHub/FPGA/cpu_instructor_copy.vhd" Line 687
# step
Stopped at time : 428 ns : File "C:/Users/main-local/Documents/GitHub/FPGA/cpu_instructor_copy.vhd" Line 691
# step
Stopped at time : 428 ns : File "C:/Users/main-local/Documents/GitHub/FPGA/cpu_instructor_copy.vhd" Line 696
# step
Stopped at time : 428500 ps : File "C:/Users/main-local/Documents/GitHub/FPGA/cpu_instructor_copy.vhd" Line 687
# step
Stopped at time : 429 ns : File "C:/Users/main-local/Documents/GitHub/FPGA/cpu_instructor_copy.vhd" Line 687
# step
Stopped at time : 429 ns : File "C:/Users/main-local/Documents/GitHub/FPGA/cpu_instructor_copy.vhd" Line 691
# step
Stopped at time : 429 ns : File "C:/Users/main-local/Documents/GitHub/FPGA/cpu_instructor_copy.vhd" Line 696
# step
Stopped at time : 429500 ps : File "C:/Users/main-local/Documents/GitHub/FPGA/cpu_instructor_copy.vhd" Line 687
# step
Stopped at time : 430 ns : File "C:/Users/main-local/Documents/GitHub/FPGA/cpu_instructor_copy.vhd" Line 687
# step
Stopped at time : 430 ns : File "C:/Users/main-local/Documents/GitHub/FPGA/cpu_instructor_copy.vhd" Line 691
# step
Stopped at time : 430 ns : File "C:/Users/main-local/Documents/GitHub/FPGA/cpu_instructor_copy.vhd" Line 696
# step
Stopped at time : 430500 ps : File "C:/Users/main-local/Documents/GitHub/FPGA/cpu_instructor_copy.vhd" Line 687
# step
Stopped at time : 431 ns : File "C:/Users/main-local/Documents/GitHub/FPGA/cpu_instructor_copy.vhd" Line 687
# step
Stopped at time : 431 ns : File "C:/Users/main-local/Documents/GitHub/FPGA/cpu_instructor_copy.vhd" Line 691
# step
Stopped at time : 431 ns : File "C:/Users/main-local/Documents/GitHub/FPGA/cpu_instructor_copy.vhd" Line 692
# step
Stopped at time : 431 ns : File "C:/Users/main-local/Documents/GitHub/FPGA/cpu_instructor_copy.vhd" Line 693
# step
Stopped at time : 431 ns : File "C:/Users/main-local/Documents/GitHub/FPGA/cpu_instructor_copy.vhd" Line 696
# step
Stopped at time : 431 ns : File "C:/Users/main-local/Documents/GitHub/FPGA/cpu_instructor_copy.vhd" Line 290
# step
Stopped at time : 431 ns : File "C:/Users/main-local/Documents/GitHub/FPGA/cpu_instructor_copy.vhd" Line 311
# step
Stopped at time : 431 ns : File "C:/Users/main-local/Documents/GitHub/FPGA/cpu_instructor_copy.vhd" Line 312
# step
Stopped at time : 431 ns : File "C:/Users/main-local/Documents/GitHub/FPGA/cpu_instructor_copy.vhd" Line 317
# step
Stopped at time : 431 ns : File "C:/Users/main-local/Documents/GitHub/FPGA/cpu_instructor_copy.vhd" Line 655
# step
Stopped at time : 431 ns : File "C:/Users/main-local/Documents/GitHub/FPGA/cpu_instructor_copy.vhd" Line 666
# run 10ns
# run 10ns
# run 10ns
# run 10ns
# run 10ns
# run 10ns
at 491 ns(2): Note: Block Memory Generator CORE Generator module is using a behavioral model FOR simulation which will not precisely model memory collision behavior. (/cpu_instructor_copy/cpu_memory/U0/native_mem_module/mem_module/).
# run 10ns
# run 10ns
# run 10ns
# run 10ns
# run 10ns
# run 10ns
# run 10ns
# run 10ns
# run 10ns
